mode: set
github.com/bacalhau-project/andaime/andaime.go:70.61,91.16 3 0
github.com/bacalhau-project/andaime/andaime.go:91.16,94.3 2 0
github.com/bacalhau-project/andaime/andaime.go:96.2,96.29 1 0
github.com/bacalhau-project/andaime/andaime.go:96.29,99.3 2 0
github.com/bacalhau-project/andaime/andaime.go:102.2,103.38 2 0
github.com/bacalhau-project/andaime/andaime.go:103.38,104.54 1 0
github.com/bacalhau-project/andaime/andaime.go:104.54,106.4 1 0
github.com/bacalhau-project/andaime/andaime.go:109.2,110.34 2 0
github.com/bacalhau-project/andaime/andaime.go:113.20,118.25 4 0
github.com/bacalhau-project/andaime/andaime.go:118.25,122.3 2 0
github.com/bacalhau-project/andaime/andaime.go:122.8,122.33 1 0
github.com/bacalhau-project/andaime/andaime.go:122.33,124.3 1 0
github.com/bacalhau-project/andaime/andaime.go:124.8,124.30 1 0
github.com/bacalhau-project/andaime/andaime.go:124.30,126.3 1 0
github.com/bacalhau-project/andaime/andaime.go:126.8,128.3 1 0
github.com/bacalhau-project/andaime/andaime.go:131.45,134.33 2 0
github.com/bacalhau-project/andaime/andaime.go:134.33,136.26 2 0
github.com/bacalhau-project/andaime/andaime.go:136.26,145.18 6 0
github.com/bacalhau-project/andaime/andaime.go:145.18,148.5 2 0
github.com/bacalhau-project/andaime/andaime.go:149.4,149.38 1 0
github.com/bacalhau-project/andaime/andaime.go:152.2,152.11 1 0
github.com/bacalhau-project/andaime/andaime.go:155.85,159.32 3 0
github.com/bacalhau-project/andaime/andaime.go:159.32,161.46 1 0
github.com/bacalhau-project/andaime/andaime.go:161.46,163.27 2 0
github.com/bacalhau-project/andaime/andaime.go:163.27,172.5 5 0
github.com/bacalhau-project/andaime/andaime.go:174.3,177.74 3 0
github.com/bacalhau-project/andaime/andaime.go:178.8,180.3 1 0
github.com/bacalhau-project/andaime/andaime.go:183.2,183.40 1 0
github.com/bacalhau-project/andaime/andaime.go:183.40,185.26 2 0
github.com/bacalhau-project/andaime/andaime.go:185.26,193.4 4 0
github.com/bacalhau-project/andaime/andaime.go:195.2,195.11 1 0
github.com/bacalhau-project/andaime/andaime.go:198.61,200.37 2 0
github.com/bacalhau-project/andaime/andaime.go:200.37,202.3 1 0
github.com/bacalhau-project/andaime/andaime.go:203.2,203.40 1 0
github.com/bacalhau-project/andaime/andaime.go:206.89,216.16 2 0
github.com/bacalhau-project/andaime/andaime.go:216.16,218.3 1 0
github.com/bacalhau-project/andaime/andaime.go:220.2,220.56 1 0
github.com/bacalhau-project/andaime/andaime.go:220.56,222.3 1 0
github.com/bacalhau-project/andaime/andaime.go:224.2,224.96 1 0
github.com/bacalhau-project/andaime/andaime.go:227.75,229.35 2 0
github.com/bacalhau-project/andaime/andaime.go:229.35,239.17 2 0
github.com/bacalhau-project/andaime/andaime.go:239.17,240.50 1 0
github.com/bacalhau-project/andaime/andaime.go:240.50,242.13 2 0
github.com/bacalhau-project/andaime/andaime.go:244.4,245.10 2 0
github.com/bacalhau-project/andaime/andaime.go:248.3,250.25 2 0
github.com/bacalhau-project/andaime/andaime.go:250.25,253.4 2 0
github.com/bacalhau-project/andaime/andaime.go:253.9,273.18 2 0
github.com/bacalhau-project/andaime/andaime.go:273.18,274.51 1 0
github.com/bacalhau-project/andaime/andaime.go:274.51,276.14 2 0
github.com/bacalhau-project/andaime/andaime.go:278.5,279.11 2 0
github.com/bacalhau-project/andaime/andaime.go:282.4,306.18 4 0
github.com/bacalhau-project/andaime/andaime.go:306.18,307.51 1 0
github.com/bacalhau-project/andaime/andaime.go:307.51,309.14 2 0
github.com/bacalhau-project/andaime/andaime.go:311.5,312.11 2 0
github.com/bacalhau-project/andaime/andaime.go:314.4,335.18 4 0
github.com/bacalhau-project/andaime/andaime.go:335.18,336.51 1 0
github.com/bacalhau-project/andaime/andaime.go:336.51,338.14 2 0
github.com/bacalhau-project/andaime/andaime.go:340.5,341.11 2 0
github.com/bacalhau-project/andaime/andaime.go:343.4,351.18 4 0
github.com/bacalhau-project/andaime/andaime.go:351.18,352.51 1 0
github.com/bacalhau-project/andaime/andaime.go:352.51,354.14 2 0
github.com/bacalhau-project/andaime/andaime.go:356.5,357.11 2 0
github.com/bacalhau-project/andaime/andaime.go:359.4,380.18 3 0
github.com/bacalhau-project/andaime/andaime.go:380.18,381.51 1 0
github.com/bacalhau-project/andaime/andaime.go:381.51,383.14 2 0
github.com/bacalhau-project/andaime/andaime.go:385.5,386.11 2 0
github.com/bacalhau-project/andaime/andaime.go:388.4,397.18 4 0
github.com/bacalhau-project/andaime/andaime.go:397.18,398.51 1 0
github.com/bacalhau-project/andaime/andaime.go:398.51,400.14 2 0
github.com/bacalhau-project/andaime/andaime.go:402.5,403.11 2 0
github.com/bacalhau-project/andaime/andaime.go:405.4,412.18 3 0
github.com/bacalhau-project/andaime/andaime.go:412.18,413.51 1 0
github.com/bacalhau-project/andaime/andaime.go:413.51,415.14 2 0
github.com/bacalhau-project/andaime/andaime.go:417.5,418.11 2 0
github.com/bacalhau-project/andaime/andaime.go:420.4,420.75 1 0
github.com/bacalhau-project/andaime/andaime.go:424.3,425.8 2 0
github.com/bacalhau-project/andaime/andaime.go:429.95,437.38 6 0
github.com/bacalhau-project/andaime/andaime.go:437.38,440.26 3 0
github.com/bacalhau-project/andaime/andaime.go:440.26,449.4 5 0
github.com/bacalhau-project/andaime/andaime.go:451.3,452.47 2 0
github.com/bacalhau-project/andaime/andaime.go:455.2,459.44 4 0
github.com/bacalhau-project/andaime/andaime.go:459.44,461.3 1 0
github.com/bacalhau-project/andaime/andaime.go:463.2,464.37 2 0
github.com/bacalhau-project/andaime/andaime.go:464.37,466.3 1 0
github.com/bacalhau-project/andaime/andaime.go:469.114,473.35 3 0
github.com/bacalhau-project/andaime/andaime.go:473.35,483.17 2 0
github.com/bacalhau-project/andaime/andaime.go:483.17,484.50 1 0
github.com/bacalhau-project/andaime/andaime.go:484.50,486.13 2 0
github.com/bacalhau-project/andaime/andaime.go:488.4,489.23 2 0
github.com/bacalhau-project/andaime/andaime.go:491.3,491.26 1 0
github.com/bacalhau-project/andaime/andaime.go:491.26,494.4 2 0
github.com/bacalhau-project/andaime/andaime.go:495.3,510.17 3 0
github.com/bacalhau-project/andaime/andaime.go:510.17,511.50 1 0
github.com/bacalhau-project/andaime/andaime.go:511.50,513.13 2 0
github.com/bacalhau-project/andaime/andaime.go:515.4,516.23 2 0
github.com/bacalhau-project/andaime/andaime.go:518.3,518.32 1 0
github.com/bacalhau-project/andaime/andaime.go:518.32,521.4 2 0
github.com/bacalhau-project/andaime/andaime.go:522.3,537.17 3 0
github.com/bacalhau-project/andaime/andaime.go:537.17,538.50 1 0
github.com/bacalhau-project/andaime/andaime.go:538.50,540.13 2 0
github.com/bacalhau-project/andaime/andaime.go:542.4,543.23 2 0
github.com/bacalhau-project/andaime/andaime.go:545.3,545.35 1 0
github.com/bacalhau-project/andaime/andaime.go:545.35,548.4 2 0
github.com/bacalhau-project/andaime/andaime.go:549.3,556.17 4 0
github.com/bacalhau-project/andaime/andaime.go:556.17,559.4 2 0
github.com/bacalhau-project/andaime/andaime.go:561.3,565.17 3 0
github.com/bacalhau-project/andaime/andaime.go:565.17,566.50 1 0
github.com/bacalhau-project/andaime/andaime.go:566.50,568.13 2 0
github.com/bacalhau-project/andaime/andaime.go:570.4,571.23 2 0
github.com/bacalhau-project/andaime/andaime.go:575.3,585.56 2 0
github.com/bacalhau-project/andaime/andaime.go:585.56,587.4 1 0
github.com/bacalhau-project/andaime/andaime.go:589.3,590.17 2 0
github.com/bacalhau-project/andaime/andaime.go:590.17,593.4 2 0
github.com/bacalhau-project/andaime/andaime.go:594.3,627.17 3 0
github.com/bacalhau-project/andaime/andaime.go:627.17,628.50 1 0
github.com/bacalhau-project/andaime/andaime.go:628.50,630.13 2 0
github.com/bacalhau-project/andaime/andaime.go:632.4,633.23 2 0
github.com/bacalhau-project/andaime/andaime.go:636.3,642.17 3 0
github.com/bacalhau-project/andaime/andaime.go:642.17,645.4 2 0
github.com/bacalhau-project/andaime/andaime.go:648.3,651.17 2 0
github.com/bacalhau-project/andaime/andaime.go:651.17,654.4 2 0
github.com/bacalhau-project/andaime/andaime.go:656.3,658.38 3 0
github.com/bacalhau-project/andaime/andaime.go:658.38,660.4 1 0
github.com/bacalhau-project/andaime/andaime.go:662.3,667.8 2 0
github.com/bacalhau-project/andaime/andaime.go:670.2,670.21 1 0
github.com/bacalhau-project/andaime/andaime.go:673.89,675.35 2 0
github.com/bacalhau-project/andaime/andaime.go:675.35,684.17 2 0
github.com/bacalhau-project/andaime/andaime.go:684.17,685.50 1 0
github.com/bacalhau-project/andaime/andaime.go:685.50,687.13 2 0
github.com/bacalhau-project/andaime/andaime.go:689.4,690.14 2 0
github.com/bacalhau-project/andaime/andaime.go:693.3,693.34 1 0
github.com/bacalhau-project/andaime/andaime.go:693.34,695.4 1 0
github.com/bacalhau-project/andaime/andaime.go:698.3,714.17 2 0
github.com/bacalhau-project/andaime/andaime.go:714.17,715.50 1 0
github.com/bacalhau-project/andaime/andaime.go:715.50,717.13 2 0
github.com/bacalhau-project/andaime/andaime.go:719.4,720.14 2 0
github.com/bacalhau-project/andaime/andaime.go:722.3,726.30 3 0
github.com/bacalhau-project/andaime/andaime.go:726.30,742.18 2 0
github.com/bacalhau-project/andaime/andaime.go:742.18,743.51 1 0
github.com/bacalhau-project/andaime/andaime.go:743.51,745.14 2 0
github.com/bacalhau-project/andaime/andaime.go:747.5,748.15 2 0
github.com/bacalhau-project/andaime/andaime.go:752.3,753.14 2 0
github.com/bacalhau-project/andaime/andaime.go:755.2,755.12 1 0
github.com/bacalhau-project/andaime/andaime.go:758.25,760.16 2 0
github.com/bacalhau-project/andaime/andaime.go:760.16,763.3 2 0
github.com/bacalhau-project/andaime/andaime.go:765.2,767.33 2 0
github.com/bacalhau-project/andaime/andaime.go:767.33,769.26 2 0
github.com/bacalhau-project/andaime/andaime.go:769.26,777.4 4 0
github.com/bacalhau-project/andaime/andaime.go:780.2,781.52 2 0
github.com/bacalhau-project/andaime/andaime.go:784.40,791.16 4 0
github.com/bacalhau-project/andaime/andaime.go:791.16,793.3 1 0
github.com/bacalhau-project/andaime/andaime.go:795.2,796.40 2 0
github.com/bacalhau-project/andaime/andaime.go:796.40,798.3 1 0
github.com/bacalhau-project/andaime/andaime.go:800.2,800.21 1 0
github.com/bacalhau-project/andaime/andaime.go:803.57,805.35 2 0
github.com/bacalhau-project/andaime/andaime.go:805.35,815.17 2 0
github.com/bacalhau-project/andaime/andaime.go:815.17,816.50 1 0
github.com/bacalhau-project/andaime/andaime.go:816.50,818.13 2 0
github.com/bacalhau-project/andaime/andaime.go:820.4,821.10 2 0
github.com/bacalhau-project/andaime/andaime.go:825.3,826.54 2 0
github.com/bacalhau-project/andaime/andaime.go:826.54,827.51 1 0
github.com/bacalhau-project/andaime/andaime.go:827.51,829.5 1 0
github.com/bacalhau-project/andaime/andaime.go:831.3,831.27 1 0
github.com/bacalhau-project/andaime/andaime.go:831.27,835.18 2 0
github.com/bacalhau-project/andaime/andaime.go:835.18,836.51 1 0
github.com/bacalhau-project/andaime/andaime.go:836.51,838.14 2 0
github.com/bacalhau-project/andaime/andaime.go:840.5,841.11 2 0
github.com/bacalhau-project/andaime/andaime.go:843.4,849.18 3 0
github.com/bacalhau-project/andaime/andaime.go:849.18,852.5 2 0
github.com/bacalhau-project/andaime/andaime.go:856.3,864.17 2 0
github.com/bacalhau-project/andaime/andaime.go:864.17,865.50 1 0
github.com/bacalhau-project/andaime/andaime.go:865.50,867.13 2 0
github.com/bacalhau-project/andaime/andaime.go:869.4,870.10 2 0
github.com/bacalhau-project/andaime/andaime.go:874.3,874.41 1 0
github.com/bacalhau-project/andaime/andaime.go:874.41,878.18 2 0
github.com/bacalhau-project/andaime/andaime.go:878.18,879.51 1 0
github.com/bacalhau-project/andaime/andaime.go:879.51,881.14 2 0
github.com/bacalhau-project/andaime/andaime.go:883.5,884.13 2 0
github.com/bacalhau-project/andaime/andaime.go:886.4,886.79 1 0
github.com/bacalhau-project/andaime/andaime.go:890.3,898.17 2 0
github.com/bacalhau-project/andaime/andaime.go:898.17,899.50 1 0
github.com/bacalhau-project/andaime/andaime.go:899.50,901.13 2 0
github.com/bacalhau-project/andaime/andaime.go:903.4,904.10 2 0
github.com/bacalhau-project/andaime/andaime.go:908.3,908.33 1 0
github.com/bacalhau-project/andaime/andaime.go:908.33,918.18 2 0
github.com/bacalhau-project/andaime/andaime.go:918.18,920.13 2 0
github.com/bacalhau-project/andaime/andaime.go:922.4,922.43 1 0
github.com/bacalhau-project/andaime/andaime.go:922.43,926.19 2 0
github.com/bacalhau-project/andaime/andaime.go:926.19,928.14 2 0
github.com/bacalhau-project/andaime/andaime.go:930.5,930.77 1 0
github.com/bacalhau-project/andaime/andaime.go:934.4,942.18 2 0
github.com/bacalhau-project/andaime/andaime.go:942.18,944.13 2 0
github.com/bacalhau-project/andaime/andaime.go:946.4,946.55 1 0
github.com/bacalhau-project/andaime/andaime.go:946.55,947.77 1 0
github.com/bacalhau-project/andaime/andaime.go:947.77,948.14 1 0
github.com/bacalhau-project/andaime/andaime.go:950.5,953.19 2 0
github.com/bacalhau-project/andaime/andaime.go:953.19,955.14 2 0
github.com/bacalhau-project/andaime/andaime.go:957.5,957.90 1 0
github.com/bacalhau-project/andaime/andaime.go:961.4,969.18 2 0
github.com/bacalhau-project/andaime/andaime.go:969.18,971.13 2 0
github.com/bacalhau-project/andaime/andaime.go:973.4,973.46 1 0
github.com/bacalhau-project/andaime/andaime.go:973.46,978.19 2 0
github.com/bacalhau-project/andaime/andaime.go:978.19,980.14 2 0
github.com/bacalhau-project/andaime/andaime.go:982.5,988.19 3 0
github.com/bacalhau-project/andaime/andaime.go:988.19,990.14 2 0
github.com/bacalhau-project/andaime/andaime.go:992.5,992.93 1 0
github.com/bacalhau-project/andaime/andaime.go:995.4,998.18 2 0
github.com/bacalhau-project/andaime/andaime.go:998.18,999.51 1 0
github.com/bacalhau-project/andaime/andaime.go:999.51,1001.14 2 0
github.com/bacalhau-project/andaime/andaime.go:1003.5,1004.13 2 0
github.com/bacalhau-project/andaime/andaime.go:1006.4,1006.67 1 0
github.com/bacalhau-project/andaime/andaime.go:1008.3,1008.8 1 0
github.com/bacalhau-project/andaime/andaime.go:1012.22,1014.16 2 0
github.com/bacalhau-project/andaime/andaime.go:1014.16,1017.3 2 0
github.com/bacalhau-project/andaime/andaime.go:1019.2,1026.33 6 0
github.com/bacalhau-project/andaime/andaime.go:1026.33,1028.26 2 0
github.com/bacalhau-project/andaime/andaime.go:1028.26,1037.47 5 0
github.com/bacalhau-project/andaime/andaime.go:1037.47,1039.5 1 0
github.com/bacalhau-project/andaime/andaime.go:1041.4,1041.218 1 0
github.com/bacalhau-project/andaime/andaime.go:1041.218,1043.5 1 0
github.com/bacalhau-project/andaime/andaime.go:1047.2,1050.51 3 0
github.com/bacalhau-project/andaime/andaime.go:1050.51,1059.53 7 0
github.com/bacalhau-project/andaime/andaime.go:1059.53,1060.29 1 0
github.com/bacalhau-project/andaime/andaime.go:1060.29,1062.45 2 0
github.com/bacalhau-project/andaime/andaime.go:1062.45,1064.6 1 0
github.com/bacalhau-project/andaime/andaime.go:1065.5,1065.21 1 0
github.com/bacalhau-project/andaime/andaime.go:1069.3,1072.21 3 0
github.com/bacalhau-project/andaime/andaime.go:1075.2,1075.66 1 0
github.com/bacalhau-project/andaime/andaime.go:1078.85,1081.35 3 0
github.com/bacalhau-project/andaime/andaime.go:1081.35,1082.23 1 0
github.com/bacalhau-project/andaime/andaime.go:1083.14,1092.18 2 0
github.com/bacalhau-project/andaime/andaime.go:1092.18,1093.51 1 0
github.com/bacalhau-project/andaime/andaime.go:1093.51,1095.14 2 0
github.com/bacalhau-project/andaime/andaime.go:1097.5,1098.15 2 0
github.com/bacalhau-project/andaime/andaime.go:1100.4,1100.34 1 0
github.com/bacalhau-project/andaime/andaime.go:1100.34,1102.5 1 0
github.com/bacalhau-project/andaime/andaime.go:1104.17,1113.18 2 0
github.com/bacalhau-project/andaime/andaime.go:1113.18,1114.51 1 0
github.com/bacalhau-project/andaime/andaime.go:1114.51,1116.14 2 0
github.com/bacalhau-project/andaime/andaime.go:1118.5,1119.15 2 0
github.com/bacalhau-project/andaime/andaime.go:1121.4,1121.43 1 0
github.com/bacalhau-project/andaime/andaime.go:1121.43,1123.5 1 0
github.com/bacalhau-project/andaime/andaime.go:1125.27,1134.18 2 0
github.com/bacalhau-project/andaime/andaime.go:1134.18,1135.51 1 0
github.com/bacalhau-project/andaime/andaime.go:1135.51,1137.14 2 0
github.com/bacalhau-project/andaime/andaime.go:1139.5,1140.15 2 0
github.com/bacalhau-project/andaime/andaime.go:1142.4,1142.46 1 0
github.com/bacalhau-project/andaime/andaime.go:1142.46,1144.5 1 0
github.com/bacalhau-project/andaime/andaime.go:1146.22,1155.18 2 0
github.com/bacalhau-project/andaime/andaime.go:1155.18,1156.51 1 0
github.com/bacalhau-project/andaime/andaime.go:1156.51,1158.14 2 0
github.com/bacalhau-project/andaime/andaime.go:1160.5,1161.15 2 0
github.com/bacalhau-project/andaime/andaime.go:1163.4,1163.55 1 0
github.com/bacalhau-project/andaime/andaime.go:1163.55,1165.5 1 0
github.com/bacalhau-project/andaime/andaime.go:1167.25,1176.18 2 0
github.com/bacalhau-project/andaime/andaime.go:1176.18,1177.51 1 0
github.com/bacalhau-project/andaime/andaime.go:1177.51,1179.14 2 0
github.com/bacalhau-project/andaime/andaime.go:1181.5,1182.15 2 0
github.com/bacalhau-project/andaime/andaime.go:1184.4,1184.42 1 0
github.com/bacalhau-project/andaime/andaime.go:1184.42,1186.5 1 0
github.com/bacalhau-project/andaime/andaime.go:1188.19,1204.18 2 0
github.com/bacalhau-project/andaime/andaime.go:1204.18,1205.51 1 0
github.com/bacalhau-project/andaime/andaime.go:1205.51,1207.14 2 0
github.com/bacalhau-project/andaime/andaime.go:1209.5,1210.15 2 0
github.com/bacalhau-project/andaime/andaime.go:1212.4,1212.55 1 0
github.com/bacalhau-project/andaime/andaime.go:1212.55,1213.52 1 0
github.com/bacalhau-project/andaime/andaime.go:1213.52,1215.6 1 0
github.com/bacalhau-project/andaime/andaime.go:1218.3,1218.8 1 0
github.com/bacalhau-project/andaime/andaime.go:1221.2,1221.21 1 0
github.com/bacalhau-project/andaime/andaime.go:1224.39,1225.42 1 0
github.com/bacalhau-project/andaime/andaime.go:1225.42,1226.24 1 0
github.com/bacalhau-project/andaime/andaime.go:1227.76,1228.15 1 0
github.com/bacalhau-project/andaime/andaime.go:1231.2,1231.14 1 0
github.com/bacalhau-project/andaime/andaime.go:1234.80,1238.16 3 0
github.com/bacalhau-project/andaime/andaime.go:1238.16,1240.3 1 0
github.com/bacalhau-project/andaime/andaime.go:1243.2,1250.29 3 0
github.com/bacalhau-project/andaime/andaime.go:1250.29,1251.20 1 0
github.com/bacalhau-project/andaime/andaime.go:1251.20,1253.22 2 0
github.com/bacalhau-project/andaime/andaime.go:1253.22,1254.13 1 0
github.com/bacalhau-project/andaime/andaime.go:1256.4,1257.18 2 0
github.com/bacalhau-project/andaime/andaime.go:1257.18,1258.13 1 0
github.com/bacalhau-project/andaime/andaime.go:1260.4,1260.85 1 0
github.com/bacalhau-project/andaime/andaime.go:1265.2,1265.47 1 0
github.com/bacalhau-project/andaime/andaime.go:1265.47,1267.3 1 0
github.com/bacalhau-project/andaime/andaime.go:1269.2,1272.43 2 0
github.com/bacalhau-project/andaime/andaime.go:1272.43,1274.17 2 0
github.com/bacalhau-project/andaime/andaime.go:1274.17,1276.4 1 0
github.com/bacalhau-project/andaime/andaime.go:1278.3,1279.17 2 0
github.com/bacalhau-project/andaime/andaime.go:1279.17,1281.4 1 0
github.com/bacalhau-project/andaime/andaime.go:1283.3,1285.17 3 0
github.com/bacalhau-project/andaime/andaime.go:1285.17,1287.4 1 0
github.com/bacalhau-project/andaime/andaime.go:1289.3,1290.35 2 0
github.com/bacalhau-project/andaime/andaime.go:1293.2,1293.37 1 0
github.com/bacalhau-project/andaime/andaime.go:1296.23,1298.37 1 0
github.com/bacalhau-project/andaime/andaime.go:1298.37,1300.32 1 0
github.com/bacalhau-project/andaime/andaime.go:1300.32,1302.4 1 0
github.com/bacalhau-project/andaime/andaime.go:1304.3,1305.49 2 0
github.com/bacalhau-project/andaime/andaime.go:1309.2,1309.40 1 0
github.com/bacalhau-project/andaime/andaime.go:1309.40,1310.32 1 0
github.com/bacalhau-project/andaime/andaime.go:1310.32,1312.4 1 0
github.com/bacalhau-project/andaime/andaime.go:1314.3,1315.52 2 0
github.com/bacalhau-project/andaime/andaime.go:1319.2,1319.53 1 0
github.com/bacalhau-project/andaime/andaime.go:1319.53,1320.32 1 0
github.com/bacalhau-project/andaime/andaime.go:1320.32,1322.4 1 0
github.com/bacalhau-project/andaime/andaime.go:1324.3,1325.63 2 0
github.com/bacalhau-project/andaime/andaime.go:1329.2,1329.48 1 0
github.com/bacalhau-project/andaime/andaime.go:1329.48,1331.32 1 0
github.com/bacalhau-project/andaime/andaime.go:1331.32,1333.4 1 0
github.com/bacalhau-project/andaime/andaime.go:1335.3,1336.58 2 0
github.com/bacalhau-project/andaime/andaime.go:1342.32,1346.24 2 0
github.com/bacalhau-project/andaime/andaime.go:1346.24,1348.32 1 0
github.com/bacalhau-project/andaime/andaime.go:1348.32,1350.4 1 0
github.com/bacalhau-project/andaime/andaime.go:1352.3,1352.13 1 0
github.com/bacalhau-project/andaime/andaime.go:1356.2,1358.23 2 0
github.com/bacalhau-project/andaime/andaime.go:1358.23,1361.3 2 0
github.com/bacalhau-project/andaime/andaime.go:1363.2,1363.24 1 0
github.com/bacalhau-project/andaime/andaime.go:1363.24,1369.24 3 0
github.com/bacalhau-project/andaime/andaime.go:1369.24,1371.4 1 0
github.com/bacalhau-project/andaime/andaime.go:1373.3,1373.40 1 0
github.com/bacalhau-project/andaime/andaime.go:1373.40,1375.33 1 0
github.com/bacalhau-project/andaime/andaime.go:1375.33,1377.5 1 0
github.com/bacalhau-project/andaime/andaime.go:1379.4,1380.48 2 0
github.com/bacalhau-project/andaime/andaime.go:1384.3,1384.43 1 0
github.com/bacalhau-project/andaime/andaime.go:1384.43,1386.33 1 0
github.com/bacalhau-project/andaime/andaime.go:1386.33,1388.5 1 0
github.com/bacalhau-project/andaime/andaime.go:1390.4,1391.51 2 0
github.com/bacalhau-project/andaime/andaime.go:1395.3,1395.56 1 0
github.com/bacalhau-project/andaime/andaime.go:1395.56,1397.33 1 0
github.com/bacalhau-project/andaime/andaime.go:1397.33,1399.5 1 0
github.com/bacalhau-project/andaime/andaime.go:1401.4,1402.62 2 0
github.com/bacalhau-project/andaime/andaime.go:1405.3,1405.51 1 0
github.com/bacalhau-project/andaime/andaime.go:1405.51,1407.33 1 0
github.com/bacalhau-project/andaime/andaime.go:1407.33,1409.5 1 0
github.com/bacalhau-project/andaime/andaime.go:1411.4,1412.57 2 0
github.com/bacalhau-project/andaime/andaime.go:1418.2,1418.19 1 0
github.com/bacalhau-project/andaime/andaime.go:1422.21,1424.29 1 0
github.com/bacalhau-project/andaime/andaime.go:1424.29,1426.32 1 0
github.com/bacalhau-project/andaime/andaime.go:1426.32,1428.4 1 0
github.com/bacalhau-project/andaime/andaime.go:1430.3,1431.48 2 0
github.com/bacalhau-project/andaime/andaime.go:1435.2,1435.32 1 0
github.com/bacalhau-project/andaime/andaime.go:1435.32,1437.32 1 0
github.com/bacalhau-project/andaime/andaime.go:1437.32,1439.4 1 0
github.com/bacalhau-project/andaime/andaime.go:1441.3,1442.54 2 0
github.com/bacalhau-project/andaime/andaime.go:1446.2,1446.45 1 0
github.com/bacalhau-project/andaime/andaime.go:1446.45,1447.32 1 0
github.com/bacalhau-project/andaime/andaime.go:1447.32,1449.4 1 0
github.com/bacalhau-project/andaime/andaime.go:1451.3,1454.44 3 0
github.com/bacalhau-project/andaime/andaime.go:1454.44,1456.4 1 0
github.com/bacalhau-project/andaime/andaime.go:1460.2,1460.40 1 0
github.com/bacalhau-project/andaime/andaime.go:1460.40,1462.32 1 0
github.com/bacalhau-project/andaime/andaime.go:1462.32,1464.4 1 0
github.com/bacalhau-project/andaime/andaime.go:1466.3,1467.58 2 0
github.com/bacalhau-project/andaime/andaime.go:1470.2,1470.32 1 0
github.com/bacalhau-project/andaime/andaime.go:1470.32,1471.32 1 0
github.com/bacalhau-project/andaime/andaime.go:1471.32,1473.4 1 0
github.com/bacalhau-project/andaime/andaime.go:1476.13,1481.22 4 0
github.com/bacalhau-project/andaime/andaime.go:1481.22,1484.3 2 0
github.com/bacalhau-project/andaime/andaime.go:1486.2,1487.44 2 0
github.com/bacalhau-project/andaime/andaime.go:1487.44,1490.3 2 0
github.com/bacalhau-project/andaime/andaime.go:1492.2,1497.22 4 0
github.com/bacalhau-project/andaime/andaime.go:1497.22,1499.3 1 0
github.com/bacalhau-project/andaime/andaime.go:1501.2,1513.14 11 0
github.com/bacalhau-project/andaime/andaime.go:1513.14,1516.3 2 0
github.com/bacalhau-project/andaime/andaime.go:1518.2,1520.25 2 0
github.com/bacalhau-project/andaime/andaime.go:1520.25,1532.3 9 0
github.com/bacalhau-project/andaime/andaime.go:1534.2,1534.23 1 0
github.com/bacalhau-project/andaime/andaime.go:1534.23,1536.3 1 0
github.com/bacalhau-project/andaime/andaime.go:1538.2,1538.26 1 0
github.com/bacalhau-project/andaime/andaime.go:1538.26,1540.3 1 0
github.com/bacalhau-project/andaime/andaime.go:1542.2,1542.49 1 0
github.com/bacalhau-project/andaime/andaime.go:1542.49,1544.3 1 0
github.com/bacalhau-project/andaime/logger/logger.go:24.23,25.17 1 0
github.com/bacalhau-project/andaime/logger/logger.go:25.17,27.17 2 0
github.com/bacalhau-project/andaime/logger/logger.go:27.17,30.4 2 0
github.com/bacalhau-project/andaime/logger/logger.go:31.3,31.24 1 0
github.com/bacalhau-project/andaime/logger/logger.go:36.36,37.17 1 0
github.com/bacalhau-project/andaime/logger/logger.go:37.17,39.3 1 0
github.com/bacalhau-project/andaime/logger/logger.go:43.20,44.25 1 0
github.com/bacalhau-project/andaime/logger/logger.go:44.25,46.3 1 0
github.com/bacalhau-project/andaime/logger/logger.go:47.2,47.30 1 0
github.com/bacalhau-project/andaime/logger/logger.go:51.52,53.2 1 0
github.com/bacalhau-project/andaime/logger/logger.go:56.57,58.2 1 0
github.com/bacalhau-project/andaime/logger/logger.go:61.56,63.2 1 0
github.com/bacalhau-project/andaime/logger/logger.go:66.56,68.2 1 0
github.com/bacalhau-project/andaime/logger/logger.go:71.57,73.2 1 0
github.com/bacalhau-project/andaime/logger/logger.go:76.57,78.2 1 0
github.com/bacalhau-project/andaime/logger/logger.go:81.31,83.2 1 0
github.com/bacalhau-project/andaime/logger/logger.go:86.29,88.2 1 0
github.com/bacalhau-project/andaime/logger/logger.go:91.36,92.25 1 0
github.com/bacalhau-project/andaime/logger/logger.go:92.25,94.3 1 0
github.com/bacalhau-project/andaime/logger/logger.go:95.2,95.67 1 0
github.com/bacalhau-project/andaime/utils/config.go:23.53,25.16 2 1
github.com/bacalhau-project/andaime/utils/config.go:25.16,27.3 1 1
github.com/bacalhau-project/andaime/utils/config.go:29.2,31.16 3 1
github.com/bacalhau-project/andaime/utils/config.go:31.16,33.3 1 1
github.com/bacalhau-project/andaime/utils/config.go:35.2,35.21 1 1
github.com/bacalhau-project/andaime/utils/strings.go:3.34,5.2 1 0
github.com/bacalhau-project/andaime/providers/aws/deploy_spot.go:19.40,23.2 3 0
github.com/bacalhau-project/andaime/providers/aws/ec2.go:16.96,18.43 2 1
github.com/bacalhau-project/andaime/providers/aws/ec2.go:18.43,21.3 2 1
github.com/bacalhau-project/andaime/providers/aws/ec2.go:22.2,47.16 4 1
github.com/bacalhau-project/andaime/providers/aws/ec2.go:47.16,49.3 1 0
github.com/bacalhau-project/andaime/providers/aws/ec2.go:51.2,51.29 1 1
github.com/bacalhau-project/andaime/providers/aws/ec2.go:51.29,53.3 1 0
github.com/bacalhau-project/andaime/providers/aws/ec2.go:56.2,57.42 2 1
github.com/bacalhau-project/andaime/providers/aws/ec2.go:57.42,58.118 1 0
github.com/bacalhau-project/andaime/providers/aws/ec2.go:58.118,60.4 1 0
github.com/bacalhau-project/andaime/providers/aws/ec2.go:63.2,68.19 5 1
github.com/bacalhau-project/andaime/providers/aws/ec2.go:71.34,73.2 1 1
github.com/bacalhau-project/andaime/providers/aws/spot_instances.go:31.21,35.77 2 0
github.com/bacalhau-project/andaime/providers/aws/spot_instances.go:35.77,37.3 1 0
github.com/bacalhau-project/andaime/providers/aws/spot_instances.go:40.2,41.16 2 0
github.com/bacalhau-project/andaime/providers/aws/spot_instances.go:41.16,43.3 1 0
github.com/bacalhau-project/andaime/providers/aws/spot_instances.go:46.2,47.16 2 0
github.com/bacalhau-project/andaime/providers/aws/spot_instances.go:47.16,49.3 1 0
github.com/bacalhau-project/andaime/providers/aws/spot_instances.go:52.2,52.17 1 0
github.com/bacalhau-project/andaime/providers/aws/spot_instances.go:56.93,62.16 2 0
github.com/bacalhau-project/andaime/providers/aws/spot_instances.go:62.16,66.3 2 0
github.com/bacalhau-project/andaime/providers/aws/spot_instances.go:69.2,69.56 1 0
github.com/bacalhau-project/andaime/providers/aws/spot_instances.go:73.111,84.16 2 0
github.com/bacalhau-project/andaime/providers/aws/spot_instances.go:84.16,86.3 1 0
github.com/bacalhau-project/andaime/providers/aws/spot_instances.go:88.2,88.38 1 0
github.com/bacalhau-project/andaime/providers/aws/spot_instances.go:88.38,93.3 3 0
github.com/bacalhau-project/andaime/providers/aws/spot_instances.go:96.2,100.16 2 0
github.com/bacalhau-project/andaime/providers/aws/spot_instances.go:100.16,102.3 1 0
github.com/bacalhau-project/andaime/providers/aws/spot_instances.go:104.2,117.16 3 0
github.com/bacalhau-project/andaime/providers/aws/spot_instances.go:117.16,119.3 1 0
github.com/bacalhau-project/andaime/providers/aws/spot_instances.go:122.2,127.16 2 0
github.com/bacalhau-project/andaime/providers/aws/spot_instances.go:127.16,129.3 1 0
github.com/bacalhau-project/andaime/providers/aws/spot_instances.go:132.2,137.16 2 0
github.com/bacalhau-project/andaime/providers/aws/spot_instances.go:137.16,139.3 1 0
github.com/bacalhau-project/andaime/providers/aws/spot_instances.go:141.2,142.19 2 0
github.com/bacalhau-project/andaime/providers/aws/spot_instances.go:145.99,148.16 2 0
github.com/bacalhau-project/andaime/providers/aws/spot_instances.go:148.16,150.3 1 0
github.com/bacalhau-project/andaime/providers/aws/spot_instances.go:152.2,159.16 3 0
github.com/bacalhau-project/andaime/providers/aws/spot_instances.go:159.16,161.3 1 0
github.com/bacalhau-project/andaime/providers/aws/spot_instances.go:163.2,164.19 2 0
github.com/bacalhau-project/andaime/providers/aws/types.go:27.59,29.16 2 0
github.com/bacalhau-project/andaime/providers/aws/types.go:29.16,31.3 1 0
github.com/bacalhau-project/andaime/providers/aws/types.go:33.2,33.36 1 0
github.com/bacalhau-project/andaime/providers/aws/types.go:41.101,43.16 2 0
github.com/bacalhau-project/andaime/providers/aws/types.go:43.16,45.3 1 0
github.com/bacalhau-project/andaime/providers/aws/types.go:46.2,48.8 1 0
github.com/bacalhau-project/andaime/providers/aws/utils.go:14.60,17.16 2 0
github.com/bacalhau-project/andaime/providers/aws/utils.go:17.16,19.3 1 0
github.com/bacalhau-project/andaime/providers/aws/utils.go:22.2,28.16 3 0
github.com/bacalhau-project/andaime/providers/aws/utils.go:28.16,30.3 1 0
github.com/bacalhau-project/andaime/providers/aws/utils.go:33.2,34.40 2 0
github.com/bacalhau-project/andaime/providers/aws/utils.go:34.40,36.3 1 0
github.com/bacalhau-project/andaime/providers/aws/utils.go:38.2,38.21 1 0
github.com/bacalhau-project/andaime/providers/aws/utils.go:41.63,43.16 2 0
github.com/bacalhau-project/andaime/providers/aws/utils.go:43.16,45.3 1 0
github.com/bacalhau-project/andaime/providers/aws/utils.go:47.2,47.32 1 0
github.com/bacalhau-project/andaime/cmd/main.go:24.50,27.16 3 0
github.com/bacalhau-project/andaime/cmd/main.go:27.16,29.3 1 0
github.com/bacalhau-project/andaime/cmd/main.go:30.2,31.17 2 0
github.com/bacalhau-project/andaime/cmd/main.go:34.13,35.22 1 0
github.com/bacalhau-project/andaime/cmd/main.go:35.22,40.3 4 0
github.com/bacalhau-project/andaime/cmd/main.go:42.2,43.16 2 0
github.com/bacalhau-project/andaime/cmd/main.go:43.16,45.3 1 0
github.com/bacalhau-project/andaime/cmd/main.go:47.2,47.20 1 0
github.com/bacalhau-project/andaime/cmd/main.go:48.16,49.37 1 0
github.com/bacalhau-project/andaime/cmd/main.go:49.37,51.4 1 0
github.com/bacalhau-project/andaime/cmd/main.go:52.16,53.23 1 0
github.com/bacalhau-project/andaime/cmd/main.go:53.23,55.4 1 0
github.com/bacalhau-project/andaime/cmd/main.go:56.3,56.59 1 0
github.com/bacalhau-project/andaime/cmd/main.go:56.59,58.4 1 0
github.com/bacalhau-project/andaime/cmd/main.go:59.10,60.48 1 0
github.com/bacalhau-project/andaime/cmd/main.go:64.31,65.58 1 0
github.com/bacalhau-project/andaime/cmd/main.go:65.58,66.23 1 0
github.com/bacalhau-project/andaime/cmd/main.go:67.14,68.33 1 0
github.com/bacalhau-project/andaime/cmd/main.go:68.33,70.19 2 0
github.com/bacalhau-project/andaime/cmd/main.go:70.19,72.6 1 0
github.com/bacalhau-project/andaime/cmd/main.go:75.5,84.19 2 0
github.com/bacalhau-project/andaime/cmd/main.go:84.19,86.6 1 0
github.com/bacalhau-project/andaime/cmd/main.go:87.5,87.61 1 0
github.com/bacalhau-project/andaime/cmd/main.go:90.11,91.56 1 0
github.com/bacalhau-project/andaime/cmd/main.go:94.2,94.12 1 0
github.com/bacalhau-project/andaime/cmd/main.go:97.49,100.2 1 0
github.com/bacalhau-project/andaime/cmd/root.go:42.47,45.3 1 0
github.com/bacalhau-project/andaime/cmd/root.go:52.47,55.3 1 0
github.com/bacalhau-project/andaime/cmd/root.go:62.47,65.3 1 0
github.com/bacalhau-project/andaime/cmd/root.go:68.19,69.19 1 0
github.com/bacalhau-project/andaime/cmd/root.go:69.19,72.3 1 0
github.com/bacalhau-project/andaime/cmd/root.go:72.8,75.17 2 0
github.com/bacalhau-project/andaime/cmd/root.go:75.17,78.4 2 0
github.com/bacalhau-project/andaime/cmd/root.go:81.3,82.34 2 0
github.com/bacalhau-project/andaime/cmd/root.go:85.2,88.45 2 0
github.com/bacalhau-project/andaime/cmd/root.go:88.45,90.3 1 0
github.com/bacalhau-project/andaime/cmd/root.go:90.8,90.62 1 0
github.com/bacalhau-project/andaime/cmd/root.go:90.62,94.3 2 0
github.com/bacalhau-project/andaime/cmd/root.go:97.25,108.2 4 0
github.com/bacalhau-project/andaime/cmd/root.go:110.19,121.2 9 0
github.com/bacalhau-project/andaime/cmd/root.go:123.48,127.21 2 0
github.com/bacalhau-project/andaime/cmd/root.go:127.21,128.56 1 0
github.com/bacalhau-project/andaime/cmd/root.go:128.56,131.4 2 0
github.com/bacalhau-project/andaime/cmd/root.go:135.2,135.22 1 0
github.com/bacalhau-project/andaime/cmd/root.go:139.46,141.16 2 0
github.com/bacalhau-project/andaime/cmd/root.go:141.16,143.3 1 0
github.com/bacalhau-project/andaime/cmd/root.go:144.2,145.12 2 0
github.com/bacalhau-project/andaime/cmd/root.go:148.27,151.2 1 0
github.com/bacalhau-project/andaime/cmd/usage.go:8.19,16.2 7 0
github.com/bacalhau-project/andaime/logger/logger.go:24.23,25.17 1 0
github.com/bacalhau-project/andaime/logger/logger.go:25.17,27.17 2 0
github.com/bacalhau-project/andaime/logger/logger.go:27.17,30.4 2 0
github.com/bacalhau-project/andaime/logger/logger.go:31.3,31.24 1 0
github.com/bacalhau-project/andaime/logger/logger.go:36.36,37.17 1 1
github.com/bacalhau-project/andaime/logger/logger.go:37.17,39.3 1 1
github.com/bacalhau-project/andaime/logger/logger.go:43.20,44.25 1 1
github.com/bacalhau-project/andaime/logger/logger.go:44.25,46.3 1 0
github.com/bacalhau-project/andaime/logger/logger.go:47.2,47.30 1 1
github.com/bacalhau-project/andaime/logger/logger.go:51.52,53.2 1 0
github.com/bacalhau-project/andaime/logger/logger.go:56.57,58.2 1 0
github.com/bacalhau-project/andaime/logger/logger.go:61.56,63.2 1 1
github.com/bacalhau-project/andaime/logger/logger.go:66.56,68.2 1 1
github.com/bacalhau-project/andaime/logger/logger.go:71.57,73.2 1 0
github.com/bacalhau-project/andaime/logger/logger.go:76.57,78.2 1 0
github.com/bacalhau-project/andaime/logger/logger.go:81.31,83.2 1 0
github.com/bacalhau-project/andaime/logger/logger.go:86.29,88.2 1 0
github.com/bacalhau-project/andaime/logger/logger.go:91.36,92.25 1 0
github.com/bacalhau-project/andaime/logger/logger.go:92.25,94.3 1 0
github.com/bacalhau-project/andaime/logger/logger.go:95.2,95.67 1 0
github.com/bacalhau-project/andaime/sshutils/sshutils.go:28.75,30.16 2 0
github.com/bacalhau-project/andaime/sshutils/sshutils.go:30.16,32.3 1 0
github.com/bacalhau-project/andaime/sshutils/sshutils.go:34.2,42.8 1 0
github.com/bacalhau-project/andaime/sshutils/sshutils.go:53.61,55.16 2 0
github.com/bacalhau-project/andaime/sshutils/sshutils.go:55.16,57.3 1 0
github.com/bacalhau-project/andaime/sshutils/sshutils.go:58.2,58.50 1 0
github.com/bacalhau-project/andaime/sshutils/sshutils.go:67.115,69.16 2 0
github.com/bacalhau-project/andaime/sshutils/sshutils.go:69.16,71.3 1 0
github.com/bacalhau-project/andaime/sshutils/sshutils.go:72.2,72.47 1 0
github.com/bacalhau-project/andaime/sshutils/sshutils.go:75.50,83.16 3 1
github.com/bacalhau-project/andaime/sshutils/sshutils.go:83.16,85.3 1 0
github.com/bacalhau-project/andaime/sshutils/sshutils.go:87.2,88.16 2 1
github.com/bacalhau-project/andaime/sshutils/sshutils.go:88.16,94.3 2 1
github.com/bacalhau-project/andaime/sshutils/sshutils.go:95.2,104.93 2 1
github.com/bacalhau-project/andaime/sshutils/sshutils.go:107.86,113.85 3 1
github.com/bacalhau-project/andaime/sshutils/sshutils.go:113.85,115.17 2 1
github.com/bacalhau-project/andaime/sshutils/sshutils.go:115.17,117.4 1 1
github.com/bacalhau-project/andaime/sshutils/sshutils.go:118.3,121.17 3 1
github.com/bacalhau-project/andaime/sshutils/sshutils.go:121.17,123.4 1 0
github.com/bacalhau-project/andaime/sshutils/sshutils.go:124.3,125.13 2 1
github.com/bacalhau-project/andaime/sshutils/sshutils.go:128.2,128.20 1 1
github.com/bacalhau-project/andaime/sshutils/sshutils.go:131.84,137.9 3 0
github.com/bacalhau-project/andaime/sshutils/sshutils.go:137.9,139.3 1 0
github.com/bacalhau-project/andaime/sshutils/sshutils.go:141.2,142.16 2 0
github.com/bacalhau-project/andaime/sshutils/sshutils.go:142.16,144.3 1 0
github.com/bacalhau-project/andaime/sshutils/sshutils.go:145.2,148.16 3 0
github.com/bacalhau-project/andaime/sshutils/sshutils.go:148.16,150.3 1 0
github.com/bacalhau-project/andaime/sshutils/sshutils.go:151.2,154.16 3 0
github.com/bacalhau-project/andaime/sshutils/sshutils.go:154.16,156.3 1 0
github.com/bacalhau-project/andaime/sshutils/sshutils.go:157.2,160.16 3 0
github.com/bacalhau-project/andaime/sshutils/sshutils.go:160.16,162.3 1 0
github.com/bacalhau-project/andaime/sshutils/sshutils.go:164.2,164.12 1 0
github.com/bacalhau-project/andaime/sshutils/sshutils.go:167.103,174.16 4 0
github.com/bacalhau-project/andaime/sshutils/sshutils.go:174.16,176.3 1 0
github.com/bacalhau-project/andaime/sshutils/sshutils.go:177.2,181.16 4 0
github.com/bacalhau-project/andaime/sshutils/sshutils.go:181.16,183.3 1 0
github.com/bacalhau-project/andaime/sshutils/sshutils.go:185.2,185.12 1 0
github.com/bacalhau-project/andaime/sshutils/sshutils.go:188.78,190.2 1 0
github.com/bacalhau-project/andaime/sshutils/sshutils.go:192.80,194.2 1 0
github.com/bacalhau-project/andaime/sshutils/sshutils.go:196.87,202.16 3 0
github.com/bacalhau-project/andaime/sshutils/sshutils.go:202.16,204.3 1 0
github.com/bacalhau-project/andaime/sshutils/sshutils.go:205.2,209.16 4 0
github.com/bacalhau-project/andaime/sshutils/sshutils.go:209.16,211.3 1 0
github.com/bacalhau-project/andaime/sshutils/sshutils.go:213.2,213.12 1 0
github.com/bacalhau-project/andaime/sshutils/sshutils.go:216.69,218.32 2 1
github.com/bacalhau-project/andaime/sshutils/sshutils.go:218.32,219.28 1 1
github.com/bacalhau-project/andaime/sshutils/sshutils.go:219.28,221.4 1 1
github.com/bacalhau-project/andaime/sshutils/sshutils.go:222.3,222.20 1 1
github.com/bacalhau-project/andaime/sshutils/sshutils.go:224.2,224.71 1 0
github.com/bacalhau-project/andaime/sshutils/sshutils.go:227.34,229.16 2 0
github.com/bacalhau-project/andaime/sshutils/sshutils.go:229.16,231.3 1 0
github.com/bacalhau-project/andaime/sshutils/sshutils.go:233.2,235.16 3 0
github.com/bacalhau-project/andaime/sshutils/sshutils.go:235.16,237.3 1 0
github.com/bacalhau-project/andaime/sshutils/sshutils.go:239.2,239.30 1 0
github.com/bacalhau-project/andaime/sshutils/sshutils.go:242.53,244.16 2 1
github.com/bacalhau-project/andaime/sshutils/sshutils.go:244.16,246.3 1 0
github.com/bacalhau-project/andaime/sshutils/sshutils.go:247.2,251.21 4 1
github.com/bacalhau-project/andaime/sshutils/sshutils.go:251.21,254.45 3 1
github.com/bacalhau-project/andaime/sshutils/sshutils.go:254.45,255.12 1 0
github.com/bacalhau-project/andaime/sshutils/sshutils.go:257.3,257.40 1 1
github.com/bacalhau-project/andaime/sshutils/sshutils.go:257.40,260.18 3 0
github.com/bacalhau-project/andaime/sshutils/sshutils.go:260.18,262.5 1 0
github.com/bacalhau-project/andaime/sshutils/sshutils.go:263.4,263.9 1 0
github.com/bacalhau-project/andaime/sshutils/sshutils.go:267.2,267.20 1 1
github.com/bacalhau-project/andaime/sshutils/sshutils.go:267.20,269.3 1 1
github.com/bacalhau-project/andaime/sshutils/sshutils.go:271.2,271.21 1 0
github.com/bacalhau-project/andaime/sshutils/sshutils.go:274.71,276.16 2 1
github.com/bacalhau-project/andaime/sshutils/sshutils.go:276.16,278.3 1 1
github.com/bacalhau-project/andaime/sshutils/sshutils.go:279.2,279.39 1 0
