mode: set
github.com/bacalhau-project/andaime/main.go:9.13,10.38 1 0
github.com/bacalhau-project/andaime/main.go:10.38,13.3 2 0
github.com/bacalhau-project/andaime/cmd/beta/aws/create_deployment.go:21.71,25.16 3 0
github.com/bacalhau-project/andaime/cmd/beta/aws/create_deployment.go:25.16,27.3 1 0
github.com/bacalhau-project/andaime/cmd/beta/aws/create_deployment.go:29.2,29.68 1 0
github.com/bacalhau-project/andaime/cmd/beta/aws/create_deployment.go:29.68,31.3 1 0
github.com/bacalhau-project/andaime/cmd/beta/aws/create_deployment.go:33.2,34.12 2 0
github.com/bacalhau-project/andaime/cmd/beta/aws/destroy_deployment.go:17.60,20.2 1 0
github.com/bacalhau-project/andaime/cmd/beta/aws/destroy_deployment.go:26.54,28.17 2 0
github.com/bacalhau-project/andaime/cmd/beta/aws/destroy_deployment.go:28.17,30.4 1 0
github.com/bacalhau-project/andaime/cmd/beta/aws/destroy_deployment.go:32.3,33.17 2 0
github.com/bacalhau-project/andaime/cmd/beta/aws/destroy_deployment.go:33.17,35.4 1 0
github.com/bacalhau-project/andaime/cmd/beta/aws/destroy_deployment.go:37.3,38.13 2 0
github.com/bacalhau-project/andaime/cmd/beta/aws/list_deployment.go:18.13,21.2 1 0
github.com/bacalhau-project/andaime/cmd/beta/aws/list_deployment.go:27.54,29.17 2 0
github.com/bacalhau-project/andaime/cmd/beta/aws/list_deployment.go:29.17,31.4 1 0
github.com/bacalhau-project/andaime/cmd/beta/aws/list_deployment.go:33.3,34.17 2 0
github.com/bacalhau-project/andaime/cmd/beta/aws/list_deployment.go:34.17,36.4 1 0
github.com/bacalhau-project/andaime/cmd/beta/aws/list_deployment.go:39.3,39.42 1 0
github.com/bacalhau-project/andaime/cmd/beta/aws/list_deployment.go:39.42,41.4 1 0
github.com/bacalhau-project/andaime/cmd/beta/aws/list_deployment.go:43.3,43.13 1 0
github.com/bacalhau-project/andaime/cmd/beta/aws/root.go:13.48,16.2 0 0
github.com/bacalhau-project/andaime/internal/testutil/testutil.go:10.50,13.16 3 0
github.com/bacalhau-project/andaime/internal/testutil/testutil.go:13.16,15.3 1 0
github.com/bacalhau-project/andaime/internal/testutil/testutil.go:16.2,20.16 5 0
github.com/bacalhau-project/andaime/internal/testutil/testutil.go:20.16,22.3 1 0
github.com/bacalhau-project/andaime/internal/testutil/testutil.go:23.2,23.30 1 0
github.com/bacalhau-project/andaime/internal/testutil/testutil.go:27.99,29.16 2 0
github.com/bacalhau-project/andaime/internal/testutil/testutil.go:29.16,31.3 1 0
github.com/bacalhau-project/andaime/internal/testutil/testutil.go:33.2,33.39 1 0
github.com/bacalhau-project/andaime/internal/testutil/testutil.go:36.68,38.16 2 0
github.com/bacalhau-project/andaime/internal/testutil/testutil.go:38.16,40.3 1 0
github.com/bacalhau-project/andaime/internal/testutil/testutil.go:42.2,42.57 1 0
github.com/bacalhau-project/andaime/internal/testutil/testutil.go:42.57,46.3 3 0
github.com/bacalhau-project/andaime/internal/testutil/testutil.go:48.2,50.20 2 0
github.com/bacalhau-project/andaime/internal/testutil/testutil.go:50.20,52.3 1 0
github.com/bacalhau-project/andaime/internal/testutil/testutil.go:54.2,54.38 1 0
github.com/bacalhau-project/andaime/internal/testutil/testutil.go:57.77,59.16 2 0
github.com/bacalhau-project/andaime/internal/testutil/testutil.go:59.16,60.13 1 0
github.com/bacalhau-project/andaime/internal/testutil/testutil.go:62.2,63.16 2 0
github.com/bacalhau-project/andaime/internal/testutil/testutil.go:63.16,64.13 1 0
github.com/bacalhau-project/andaime/internal/testutil/testutil.go:67.2,67.89 1 0
github.com/bacalhau-project/andaime/internal/clouds/general/embed.go:10.47,12.16 2 0
github.com/bacalhau-project/andaime/internal/clouds/general/embed.go:12.16,14.3 1 0
github.com/bacalhau-project/andaime/internal/clouds/general/embed.go:15.2,15.20 1 0
github.com/bacalhau-project/andaime/internal/clouds/general/embed.go:21.53,23.16 2 0
github.com/bacalhau-project/andaime/internal/clouds/general/embed.go:23.16,25.3 1 0
github.com/bacalhau-project/andaime/internal/clouds/general/embed.go:26.2,26.20 1 0
github.com/bacalhau-project/andaime/internal/clouds/general/embed.go:32.55,34.16 2 0
github.com/bacalhau-project/andaime/internal/clouds/general/embed.go:34.16,36.3 1 0
github.com/bacalhau-project/andaime/internal/clouds/general/embed.go:37.2,37.20 1 0
github.com/bacalhau-project/andaime/internal/clouds/general/embed.go:43.49,45.16 2 0
github.com/bacalhau-project/andaime/internal/clouds/general/embed.go:45.16,47.3 1 0
github.com/bacalhau-project/andaime/internal/clouds/general/embed.go:48.2,48.20 1 0
github.com/bacalhau-project/andaime/internal/clouds/general/embed.go:54.52,56.16 2 0
github.com/bacalhau-project/andaime/internal/clouds/general/embed.go:56.16,58.3 1 0
github.com/bacalhau-project/andaime/internal/clouds/general/embed.go:59.2,59.20 1 0
github.com/bacalhau-project/andaime/internal/clouds/general/embed.go:65.49,67.16 2 0
github.com/bacalhau-project/andaime/internal/clouds/general/embed.go:67.16,69.3 1 0
github.com/bacalhau-project/andaime/internal/clouds/general/embed.go:70.2,70.20 1 0
github.com/bacalhau-project/andaime/experimental/main.go:15.13,17.2 1 0
github.com/bacalhau-project/andaime/experimental/main.go:19.22,21.16 2 0
github.com/bacalhau-project/andaime/experimental/main.go:21.16,24.3 2 0
github.com/bacalhau-project/andaime/experimental/main.go:27.2,29.16 2 0
github.com/bacalhau-project/andaime/experimental/main.go:29.16,32.3 2 0
github.com/bacalhau-project/andaime/experimental/main.go:33.2,42.16 3 0
github.com/bacalhau-project/andaime/experimental/main.go:42.16,45.3 2 0
github.com/bacalhau-project/andaime/experimental/main.go:47.2,47.51 1 0
github.com/bacalhau-project/andaime/experimental/main.go:50.16,60.29 4 0
github.com/bacalhau-project/andaime/experimental/main.go:60.29,62.3 1 0
github.com/bacalhau-project/andaime/experimental/main.go:63.2,69.16 3 0
github.com/bacalhau-project/andaime/experimental/main.go:69.16,72.3 2 0
github.com/bacalhau-project/andaime/experimental/main.go:74.2,75.16 2 0
github.com/bacalhau-project/andaime/experimental/main.go:75.16,78.3 2 0
github.com/bacalhau-project/andaime/experimental/main.go:80.2,83.16 3 0
github.com/bacalhau-project/andaime/experimental/main.go:83.16,86.3 2 0
github.com/bacalhau-project/andaime/experimental/main.go:88.2,88.59 1 0
github.com/bacalhau-project/andaime/experimental/main.go:88.59,91.3 2 0
github.com/bacalhau-project/andaime/experimental/main.go:93.2,95.52 2 0
github.com/bacalhau-project/andaime/experimental/main.go:95.52,102.3 2 0
github.com/bacalhau-project/andaime/internal/clouds/gcp/embed.go:13.41,15.16 2 0
github.com/bacalhau-project/andaime/internal/clouds/gcp/embed.go:15.16,17.3 1 0
github.com/bacalhau-project/andaime/internal/clouds/gcp/embed.go:19.2,19.28 1 0
github.com/bacalhau-project/andaime/internal/clouds/gcp/embed.go:22.35,24.16 2 0
github.com/bacalhau-project/andaime/internal/clouds/gcp/embed.go:24.16,26.3 1 0
github.com/bacalhau-project/andaime/internal/clouds/gcp/embed.go:27.2,27.18 1 0
github.com/bacalhau-project/andaime/internal/clouds/gcp/locations.go:26.47,29.16 3 0
github.com/bacalhau-project/andaime/internal/clouds/gcp/locations.go:29.16,31.3 1 0
github.com/bacalhau-project/andaime/internal/clouds/gcp/locations.go:33.2,35.16 3 0
github.com/bacalhau-project/andaime/internal/clouds/gcp/locations.go:35.16,38.3 2 0
github.com/bacalhau-project/andaime/internal/clouds/gcp/locations.go:40.2,41.15 2 0
github.com/bacalhau-project/andaime/internal/clouds/gcp/locations.go:44.63,47.16 3 0
github.com/bacalhau-project/andaime/internal/clouds/gcp/locations.go:47.16,49.3 1 0
github.com/bacalhau-project/andaime/internal/clouds/gcp/locations.go:50.2,52.16 3 0
github.com/bacalhau-project/andaime/internal/clouds/gcp/locations.go:52.16,55.3 2 0
github.com/bacalhau-project/andaime/internal/clouds/gcp/locations.go:56.2,57.9 2 0
github.com/bacalhau-project/andaime/internal/clouds/gcp/locations.go:57.9,59.3 1 0
github.com/bacalhau-project/andaime/internal/clouds/gcp/locations.go:60.2,60.56 1 0
github.com/bacalhau-project/andaime/internal/clouds/gcp/locations.go:64.89,67.16 3 0
github.com/bacalhau-project/andaime/internal/clouds/gcp/locations.go:67.16,69.3 1 0
github.com/bacalhau-project/andaime/internal/clouds/gcp/locations.go:71.2,73.16 3 0
github.com/bacalhau-project/andaime/internal/clouds/gcp/locations.go:73.16,76.3 2 0
github.com/bacalhau-project/andaime/internal/clouds/gcp/locations.go:78.2,78.47 1 0
github.com/bacalhau-project/andaime/internal/clouds/gcp/locations.go:78.47,79.49 1 0
github.com/bacalhau-project/andaime/internal/clouds/gcp/locations.go:79.49,81.35 1 0
github.com/bacalhau-project/andaime/internal/clouds/gcp/locations.go:81.35,84.24 2 0
github.com/bacalhau-project/andaime/internal/clouds/gcp/locations.go:84.24,88.6 3 0
github.com/bacalhau-project/andaime/internal/clouds/gcp/locations.go:90.4,90.90 1 0
github.com/bacalhau-project/andaime/internal/clouds/gcp/locations.go:93.2,93.88 1 0
github.com/bacalhau-project/andaime/internal/clouds/gcp/locations.go:96.58,102.2 1 0
github.com/bacalhau-project/andaime/pkg/common/deployment.go:19.48,28.25 8 0
github.com/bacalhau-project/andaime/pkg/common/deployment.go:28.25,35.3 6 0
github.com/bacalhau-project/andaime/pkg/common/deployment.go:35.8,35.30 1 0
github.com/bacalhau-project/andaime/pkg/common/deployment.go:35.30,41.3 5 0
github.com/bacalhau-project/andaime/pkg/common/deployment.go:44.90,46.16 2 0
github.com/bacalhau-project/andaime/pkg/common/deployment.go:46.16,48.3 1 0
github.com/bacalhau-project/andaime/pkg/common/deployment.go:49.2,49.69 1 0
github.com/bacalhau-project/andaime/pkg/common/deployment.go:49.69,51.3 1 0
github.com/bacalhau-project/andaime/pkg/common/deployment.go:53.2,60.16 3 0
github.com/bacalhau-project/andaime/pkg/common/deployment.go:60.16,62.3 1 0
github.com/bacalhau-project/andaime/pkg/common/deployment.go:64.2,65.45 1 0
github.com/bacalhau-project/andaime/pkg/common/deployment.go:65.45,67.3 1 0
github.com/bacalhau-project/andaime/pkg/common/deployment.go:69.2,72.55 3 0
github.com/bacalhau-project/andaime/pkg/common/deployment.go:72.55,74.3 1 0
github.com/bacalhau-project/andaime/pkg/common/deployment.go:76.2,76.25 1 0
github.com/bacalhau-project/andaime/pkg/common/deployment.go:76.25,85.3 6 0
github.com/bacalhau-project/andaime/pkg/common/deployment.go:85.8,85.30 1 0
github.com/bacalhau-project/andaime/pkg/common/deployment.go:85.30,91.3 5 0
github.com/bacalhau-project/andaime/pkg/common/deployment.go:93.2,93.68 1 0
github.com/bacalhau-project/andaime/pkg/common/deployment.go:93.68,95.3 1 0
github.com/bacalhau-project/andaime/pkg/common/deployment.go:97.2,97.24 1 0
github.com/bacalhau-project/andaime/pkg/common/deployment.go:100.83,105.25 4 0
github.com/bacalhau-project/andaime/pkg/common/deployment.go:105.25,114.3 6 0
github.com/bacalhau-project/andaime/pkg/common/deployment.go:114.8,114.30 1 0
github.com/bacalhau-project/andaime/pkg/common/deployment.go:114.30,118.3 3 0
github.com/bacalhau-project/andaime/pkg/common/deployment.go:120.2,120.12 1 0
github.com/bacalhau-project/andaime/pkg/common/deployment.go:123.82,124.25 1 0
github.com/bacalhau-project/andaime/pkg/common/deployment.go:124.25,126.3 1 0
github.com/bacalhau-project/andaime/pkg/common/deployment.go:126.8,126.30 1 0
github.com/bacalhau-project/andaime/pkg/common/deployment.go:126.30,128.3 1 0
github.com/bacalhau-project/andaime/pkg/common/deployment.go:129.2,129.12 1 0
github.com/bacalhau-project/andaime/pkg/common/deployment.go:132.34,134.20 2 0
github.com/bacalhau-project/andaime/pkg/common/deployment.go:134.20,136.3 1 0
github.com/bacalhau-project/andaime/pkg/common/deployment.go:137.2,137.34 1 0
github.com/bacalhau-project/andaime/pkg/models/deployment.go:90.43,92.25 2 0
github.com/bacalhau-project/andaime/pkg/models/deployment.go:92.25,94.3 1 0
github.com/bacalhau-project/andaime/pkg/models/deployment.go:95.2,107.24 4 0
github.com/bacalhau-project/andaime/pkg/models/deployment.go:110.53,120.2 3 0
github.com/bacalhau-project/andaime/pkg/models/deployment.go:122.48,128.37 6 0
github.com/bacalhau-project/andaime/pkg/models/deployment.go:128.37,135.3 1 0
github.com/bacalhau-project/andaime/pkg/models/deployment.go:137.2,138.24 2 0
github.com/bacalhau-project/andaime/pkg/models/deployment.go:141.55,144.41 3 0
github.com/bacalhau-project/andaime/pkg/models/deployment.go:144.41,146.3 1 0
github.com/bacalhau-project/andaime/pkg/models/deployment.go:147.2,147.12 1 0
github.com/bacalhau-project/andaime/pkg/models/deployment.go:149.49,153.2 3 0
github.com/bacalhau-project/andaime/pkg/models/deployment.go:155.79,158.41 3 0
github.com/bacalhau-project/andaime/pkg/models/deployment.go:158.41,161.3 2 0
github.com/bacalhau-project/andaime/pkg/models/deployment.go:162.2,162.49 1 0
github.com/bacalhau-project/andaime/pkg/models/deployment.go:169.78,170.19 1 0
github.com/bacalhau-project/andaime/pkg/models/deployment.go:171.27,172.17 1 0
github.com/bacalhau-project/andaime/pkg/models/deployment.go:173.25,174.15 1 0
github.com/bacalhau-project/andaime/pkg/models/deployment.go:175.10,176.13 1 0
github.com/bacalhau-project/andaime/pkg/models/deployment.go:180.75,181.19 1 0
github.com/bacalhau-project/andaime/pkg/models/deployment.go:182.27,183.17 1 0
github.com/bacalhau-project/andaime/pkg/models/deployment.go:184.25,185.15 1 0
github.com/bacalhau-project/andaime/pkg/models/deployment.go:186.10,187.13 1 0
github.com/bacalhau-project/andaime/pkg/models/machine.go:83.21,86.47 2 0
github.com/bacalhau-project/andaime/pkg/models/machine.go:86.47,88.3 1 0
github.com/bacalhau-project/andaime/pkg/models/machine.go:90.2,102.43 3 0
github.com/bacalhau-project/andaime/pkg/models/machine.go:102.43,104.3 1 0
github.com/bacalhau-project/andaime/pkg/models/machine.go:106.2,106.42 1 0
github.com/bacalhau-project/andaime/pkg/models/machine.go:106.42,107.51 1 0
github.com/bacalhau-project/andaime/pkg/models/machine.go:107.51,109.4 1 0
github.com/bacalhau-project/andaime/pkg/models/machine.go:110.8,110.47 1 0
github.com/bacalhau-project/andaime/pkg/models/machine.go:110.47,111.49 1 0
github.com/bacalhau-project/andaime/pkg/models/machine.go:111.49,113.4 1 0
github.com/bacalhau-project/andaime/pkg/models/machine.go:114.3,114.47 1 0
github.com/bacalhau-project/andaime/pkg/models/machine.go:117.2,117.27 1 0
github.com/bacalhau-project/andaime/pkg/models/machine.go:122.59,129.2 6 0
github.com/bacalhau-project/andaime/pkg/models/machine.go:131.81,133.2 1 0
github.com/bacalhau-project/andaime/pkg/models/machine.go:137.44,139.2 1 0
github.com/bacalhau-project/andaime/pkg/models/machine.go:141.57,142.29 1 0
github.com/bacalhau-project/andaime/pkg/models/machine.go:143.27,144.53 1 0
github.com/bacalhau-project/andaime/pkg/models/machine.go:144.53,146.4 1 0
github.com/bacalhau-project/andaime/pkg/models/machine.go:147.25,148.49 1 0
github.com/bacalhau-project/andaime/pkg/models/machine.go:148.49,150.4 1 0
github.com/bacalhau-project/andaime/pkg/models/machine.go:151.10,152.72 1 0
github.com/bacalhau-project/andaime/pkg/models/machine.go:154.2,155.12 2 0
github.com/bacalhau-project/andaime/pkg/models/machine.go:158.40,160.2 1 0
github.com/bacalhau-project/andaime/pkg/models/machine.go:162.43,164.2 1 0
github.com/bacalhau-project/andaime/pkg/models/machine.go:166.45,168.2 1 0
github.com/bacalhau-project/andaime/pkg/models/machine.go:170.38,174.2 3 0
github.com/bacalhau-project/andaime/pkg/models/machine.go:176.36,179.16 3 0
github.com/bacalhau-project/andaime/pkg/models/machine.go:179.16,182.3 2 0
github.com/bacalhau-project/andaime/pkg/models/machine.go:185.40,189.2 3 0
github.com/bacalhau-project/andaime/pkg/models/machine.go:191.47,194.2 2 0
github.com/bacalhau-project/andaime/pkg/models/machine.go:196.46,199.2 2 0
github.com/bacalhau-project/andaime/pkg/models/machine.go:203.71,207.2 3 0
github.com/bacalhau-project/andaime/pkg/models/machine.go:209.77,210.34 1 0
github.com/bacalhau-project/andaime/pkg/models/machine.go:210.34,212.3 1 0
github.com/bacalhau-project/andaime/pkg/models/machine.go:214.2,215.66 2 0
github.com/bacalhau-project/andaime/pkg/models/machine.go:215.66,217.3 1 0
github.com/bacalhau-project/andaime/pkg/models/machine.go:218.2,218.26 1 0
github.com/bacalhau-project/andaime/pkg/models/machine.go:221.84,225.2 3 0
github.com/bacalhau-project/andaime/pkg/models/machine.go:227.90,228.34 1 0
github.com/bacalhau-project/andaime/pkg/models/machine.go:228.34,230.3 1 0
github.com/bacalhau-project/andaime/pkg/models/machine.go:231.2,237.3 2 0
github.com/bacalhau-project/andaime/pkg/models/machine.go:240.74,242.2 1 0
github.com/bacalhau-project/andaime/pkg/models/machine.go:244.81,247.34 3 0
github.com/bacalhau-project/andaime/pkg/models/machine.go:247.34,249.3 1 0
github.com/bacalhau-project/andaime/pkg/models/machine.go:251.2,252.66 2 0
github.com/bacalhau-project/andaime/pkg/models/machine.go:252.66,255.3 2 0
github.com/bacalhau-project/andaime/pkg/models/machine.go:255.8,260.3 1 0
github.com/bacalhau-project/andaime/pkg/models/machine.go:263.53,267.2 3 0
github.com/bacalhau-project/andaime/pkg/models/machine.go:269.59,274.47 4 0
github.com/bacalhau-project/andaime/pkg/models/machine.go:274.47,276.3 1 0
github.com/bacalhau-project/andaime/pkg/models/machine.go:276.8,276.52 1 0
github.com/bacalhau-project/andaime/pkg/models/machine.go:276.52,278.3 1 0
github.com/bacalhau-project/andaime/pkg/models/machine.go:280.2,280.53 1 0
github.com/bacalhau-project/andaime/pkg/models/machine.go:280.53,283.51 2 0
github.com/bacalhau-project/andaime/pkg/models/machine.go:283.51,286.4 1 0
github.com/bacalhau-project/andaime/pkg/models/machine.go:286.9,291.28 1 0
github.com/bacalhau-project/andaime/pkg/models/machine.go:291.28,293.5 1 0
github.com/bacalhau-project/andaime/pkg/models/machine.go:297.2,297.51 1 0
github.com/bacalhau-project/andaime/pkg/models/machine.go:302.71,306.2 3 0
github.com/bacalhau-project/andaime/pkg/models/machine.go:308.77,309.33 1 0
github.com/bacalhau-project/andaime/pkg/models/machine.go:309.33,312.3 2 0
github.com/bacalhau-project/andaime/pkg/models/machine.go:314.2,314.58 1 0
github.com/bacalhau-project/andaime/pkg/models/machine.go:314.58,316.3 1 0
github.com/bacalhau-project/andaime/pkg/models/machine.go:317.2,317.28 1 0
github.com/bacalhau-project/andaime/pkg/models/machine.go:320.78,324.2 3 0
github.com/bacalhau-project/andaime/pkg/models/machine.go:326.84,327.33 1 0
github.com/bacalhau-project/andaime/pkg/models/machine.go:327.33,329.3 1 0
github.com/bacalhau-project/andaime/pkg/models/machine.go:331.2,331.58 1 0
github.com/bacalhau-project/andaime/pkg/models/machine.go:331.58,334.3 2 0
github.com/bacalhau-project/andaime/pkg/models/machine.go:334.8,336.3 1 0
github.com/bacalhau-project/andaime/pkg/models/machine.go:339.52,343.2 3 0
github.com/bacalhau-project/andaime/pkg/models/machine.go:345.88,349.51 3 0
github.com/bacalhau-project/andaime/pkg/models/machine.go:349.51,350.80 1 0
github.com/bacalhau-project/andaime/pkg/models/machine.go:350.80,352.4 1 0
github.com/bacalhau-project/andaime/pkg/models/machine.go:355.2,355.41 1 0
github.com/bacalhau-project/andaime/pkg/models/machine.go:359.66,363.2 3 0
github.com/bacalhau-project/andaime/pkg/models/machine.go:365.71,369.2 3 0
github.com/bacalhau-project/andaime/pkg/models/machine.go:371.74,375.2 3 0
github.com/bacalhau-project/andaime/pkg/models/machine.go:379.78,384.48 4 0
github.com/bacalhau-project/andaime/pkg/models/machine.go:384.48,387.3 2 0
github.com/bacalhau-project/andaime/pkg/models/machine.go:389.2,389.47 1 0
github.com/bacalhau-project/andaime/pkg/models/machine.go:389.47,392.3 2 0
github.com/bacalhau-project/andaime/pkg/models/machine.go:393.2,397.54 3 0
github.com/bacalhau-project/andaime/pkg/models/machine.go:397.54,400.3 2 0
github.com/bacalhau-project/andaime/pkg/models/machine.go:401.2,403.12 2 0
github.com/bacalhau-project/andaime/pkg/models/machine.go:406.63,413.2 1 0
github.com/bacalhau-project/andaime/pkg/models/machine.go:415.62,424.16 3 0
github.com/bacalhau-project/andaime/pkg/models/machine.go:424.16,427.3 2 0
github.com/bacalhau-project/andaime/pkg/models/machine.go:429.2,430.16 2 0
github.com/bacalhau-project/andaime/pkg/models/machine.go:430.16,433.3 2 0
github.com/bacalhau-project/andaime/pkg/models/machine.go:435.2,435.52 1 0
github.com/bacalhau-project/andaime/pkg/models/machine.go:435.52,438.3 2 0
github.com/bacalhau-project/andaime/pkg/models/machine.go:440.2,440.12 1 0
github.com/bacalhau-project/andaime/pkg/models/machine.go:443.69,450.2 1 0
github.com/bacalhau-project/andaime/pkg/models/machine.go:456.9,466.16 4 0
github.com/bacalhau-project/andaime/pkg/models/machine.go:466.16,469.3 2 0
github.com/bacalhau-project/andaime/pkg/models/machine.go:471.2,472.16 2 0
github.com/bacalhau-project/andaime/pkg/models/machine.go:472.16,474.3 1 0
github.com/bacalhau-project/andaime/pkg/models/machine.go:476.2,477.79 2 0
github.com/bacalhau-project/andaime/pkg/models/machine.go:477.79,479.3 1 0
github.com/bacalhau-project/andaime/pkg/models/machine.go:481.2,481.93 1 0
github.com/bacalhau-project/andaime/pkg/models/machine.go:481.93,484.3 2 0
github.com/bacalhau-project/andaime/pkg/models/machine.go:486.2,487.12 2 0
github.com/bacalhau-project/andaime/pkg/models/machine.go:490.52,491.33 1 0
github.com/bacalhau-project/andaime/pkg/models/machine.go:491.33,493.3 1 0
github.com/bacalhau-project/andaime/pkg/models/machine.go:494.2,494.43 1 0
github.com/bacalhau-project/andaime/pkg/models/machine.go:494.43,496.3 1 0
github.com/bacalhau-project/andaime/pkg/models/machine.go:497.2,497.12 1 0
github.com/bacalhau-project/andaime/pkg/models/machine.go:501.75,502.24 1 0
github.com/bacalhau-project/andaime/pkg/models/machine.go:503.27,504.55 1 0
github.com/bacalhau-project/andaime/pkg/models/machine.go:505.25,506.51 1 0
github.com/bacalhau-project/andaime/pkg/models/machine.go:507.10,508.15 1 0
github.com/bacalhau-project/andaime/pkg/models/machine.go:513.49,515.2 1 0
github.com/bacalhau-project/andaime/pkg/models/provider.go:4.54,5.18 1 0
github.com/bacalhau-project/andaime/pkg/models/provider.go:6.15,7.15 1 0
github.com/bacalhau-project/andaime/pkg/models/provider.go:8.13,9.15 1 0
github.com/bacalhau-project/andaime/pkg/models/provider.go:10.13,11.15 1 0
github.com/bacalhau-project/andaime/pkg/models/provider.go:12.10,13.15 1 0
github.com/bacalhau-project/andaime/pkg/models/types.go:48.52,50.2 1 0
github.com/bacalhau-project/andaime/pkg/models/types.go:52.55,54.2 1 0
github.com/bacalhau-project/andaime/pkg/models/types.go:82.18,97.2 1 0
github.com/bacalhau-project/andaime/pkg/models/types.go:106.18,108.2 1 0
github.com/bacalhau-project/andaime/pkg/models/types.go:122.18,141.2 3 0
github.com/bacalhau-project/andaime/pkg/models/types.go:197.10,199.2 1 0
github.com/bacalhau-project/andaime/pkg/models/types.go:205.10,208.23 3 0
github.com/bacalhau-project/andaime/pkg/models/types.go:209.31,210.38 1 0
github.com/bacalhau-project/andaime/pkg/models/types.go:211.28,212.35 1 0
github.com/bacalhau-project/andaime/pkg/models/types.go:213.28,214.35 1 0
github.com/bacalhau-project/andaime/pkg/models/types.go:215.27,216.34 1 0
github.com/bacalhau-project/andaime/pkg/models/types.go:217.30,218.35 1 0
github.com/bacalhau-project/andaime/pkg/models/types.go:219.28,223.36 4 0
github.com/bacalhau-project/andaime/pkg/models/types.go:242.2,247.21 2 0
github.com/bacalhau-project/andaime/pkg/models/types.go:253.28,261.75 6 0
github.com/bacalhau-project/andaime/pkg/models/types.go:261.75,263.17 2 0
github.com/bacalhau-project/andaime/pkg/models/types.go:263.17,265.4 1 0
github.com/bacalhau-project/andaime/pkg/models/types.go:266.3,266.45 1 0
github.com/bacalhau-project/andaime/pkg/models/types.go:266.45,272.6 1 0
github.com/bacalhau-project/andaime/pkg/models/types.go:272.6,275.5 2 0
github.com/bacalhau-project/andaime/pkg/models/types.go:277.8,277.91 1 0
github.com/bacalhau-project/andaime/pkg/models/types.go:277.91,283.5 1 0
github.com/bacalhau-project/andaime/pkg/models/types.go:283.5,286.4 2 0
github.com/bacalhau-project/andaime/pkg/models/types.go:287.8,288.73 1 0
github.com/bacalhau-project/andaime/pkg/models/types.go:288.73,293.4 4 0
github.com/bacalhau-project/andaime/pkg/models/types.go:296.2,296.22 1 0
github.com/bacalhau-project/andaime/pkg/models/types.go:299.52,300.69 1 0
github.com/bacalhau-project/andaime/pkg/models/types.go:300.69,302.3 1 0
github.com/bacalhau-project/andaime/pkg/models/types.go:303.2,303.11 1 0
github.com/bacalhau-project/andaime/pkg/models/types.go:307.55,308.65 1 0
github.com/bacalhau-project/andaime/pkg/models/types.go:308.65,310.3 1 0
github.com/bacalhau-project/andaime/pkg/models/types.go:311.2,311.11 1 0
github.com/bacalhau-project/andaime/pkg/models/types.go:325.8,337.93 3 0
github.com/bacalhau-project/andaime/pkg/models/types.go:337.93,340.3 2 0
github.com/bacalhau-project/andaime/pkg/models/types.go:341.2,341.24 1 0
github.com/bacalhau-project/andaime/pkg/models/types.go:344.97,347.20 2 0
github.com/bacalhau-project/andaime/pkg/models/types.go:347.20,349.3 1 0
github.com/bacalhau-project/andaime/pkg/models/types.go:351.2,353.35 2 0
github.com/bacalhau-project/andaime/pkg/models/types.go:353.35,354.35 1 0
github.com/bacalhau-project/andaime/pkg/models/types.go:354.35,356.4 1 0
github.com/bacalhau-project/andaime/pkg/models/types.go:359.2,359.32 1 0
github.com/bacalhau-project/andaime/pkg/models/types.go:369.86,374.2 3 0
github.com/bacalhau-project/andaime/pkg/models/types.go:379.18,380.35 1 0
github.com/bacalhau-project/andaime/pkg/models/types.go:380.35,382.3 1 0
github.com/bacalhau-project/andaime/pkg/models/types.go:384.2,384.36 1 0
github.com/bacalhau-project/andaime/pkg/models/types.go:384.36,386.3 1 0
github.com/bacalhau-project/andaime/pkg/models/types.go:387.2,387.30 1 0
github.com/bacalhau-project/andaime/pkg/models/types.go:387.30,389.3 1 0
github.com/bacalhau-project/andaime/pkg/models/types.go:390.2,390.31 1 0
github.com/bacalhau-project/andaime/pkg/models/types.go:390.31,392.3 1 0
github.com/bacalhau-project/andaime/pkg/models/types.go:393.2,393.32 1 0
github.com/bacalhau-project/andaime/pkg/models/types.go:393.32,395.3 1 0
github.com/bacalhau-project/andaime/pkg/models/types.go:396.2,396.30 1 0
github.com/bacalhau-project/andaime/pkg/models/types.go:396.30,398.3 1 0
github.com/bacalhau-project/andaime/pkg/models/types.go:400.2,400.31 1 0
github.com/bacalhau-project/andaime/pkg/models/types.go:400.31,402.3 1 0
github.com/bacalhau-project/andaime/pkg/models/types.go:404.2,406.15 2 0
github.com/bacalhau-project/andaime/pkg/models/types_azure.go:22.57,24.2 1 0
github.com/bacalhau-project/andaime/pkg/models/types_azure.go:66.58,67.43 1 0
github.com/bacalhau-project/andaime/pkg/models/types_azure.go:67.43,68.52 1 0
github.com/bacalhau-project/andaime/pkg/models/types_azure.go:68.52,70.4 1 0
github.com/bacalhau-project/andaime/pkg/models/types_azure.go:72.2,72.24 1 0
github.com/bacalhau-project/andaime/pkg/models/types_azure.go:75.45,86.2 1 0
github.com/bacalhau-project/andaime/pkg/models/types_azure.go:88.49,90.2 1 0
github.com/bacalhau-project/andaime/pkg/models/types_azure.go:92.68,94.11 2 0
github.com/bacalhau-project/andaime/pkg/models/types_azure.go:95.21,96.33 1 0
github.com/bacalhau-project/andaime/pkg/models/types_azure.go:97.17,98.30 1 0
github.com/bacalhau-project/andaime/pkg/models/types_azure.go:99.18,100.30 1 0
github.com/bacalhau-project/andaime/pkg/models/types_azure.go:101.16,102.29 1 0
github.com/bacalhau-project/andaime/pkg/models/types_azure.go:103.19,104.32 1 0
github.com/bacalhau-project/andaime/pkg/models/types_azure.go:105.18,106.32 1 0
github.com/bacalhau-project/andaime/pkg/models/types_azure.go:107.17,108.32 1 0
github.com/bacalhau-project/andaime/pkg/models/types_azure.go:109.10,111.30 2 0
github.com/bacalhau-project/andaime/pkg/models/types_gcp.go:42.56,43.41 1 0
github.com/bacalhau-project/andaime/pkg/models/types_gcp.go:43.41,44.52 1 0
github.com/bacalhau-project/andaime/pkg/models/types_gcp.go:44.52,46.4 1 0
github.com/bacalhau-project/andaime/pkg/models/types_gcp.go:48.2,48.24 1 0
github.com/bacalhau-project/andaime/pkg/models/types_gcp.go:51.43,59.2 1 0
github.com/bacalhau-project/andaime/pkg/models/types_gcp.go:61.47,63.2 1 0
github.com/bacalhau-project/andaime/pkg/models/types_gcp.go:77.69,79.11 2 0
github.com/bacalhau-project/andaime/pkg/models/types_gcp.go:80.22,81.38 1 0
github.com/bacalhau-project/andaime/pkg/models/types_gcp.go:82.17,83.33 1 0
github.com/bacalhau-project/andaime/pkg/models/types_gcp.go:84.18,85.34 1 0
github.com/bacalhau-project/andaime/pkg/models/types_gcp.go:86.19,87.35 1 0
github.com/bacalhau-project/andaime/pkg/models/types_gcp.go:88.20,89.36 1 0
github.com/bacalhau-project/andaime/pkg/models/types_gcp.go:90.19,91.35 1 0
github.com/bacalhau-project/andaime/pkg/models/types_gcp.go:92.10,94.33 2 0
github.com/bacalhau-project/andaime/pkg/display/bubbletea_model.go:67.47,68.24 1 0
github.com/bacalhau-project/andaime/pkg/display/bubbletea_model.go:68.24,79.3 2 0
github.com/bacalhau-project/andaime/pkg/display/bubbletea_model.go:82.97,83.35 1 0
github.com/bacalhau-project/andaime/pkg/display/bubbletea_model.go:83.35,85.3 1 0
github.com/bacalhau-project/andaime/pkg/display/bubbletea_model.go:87.2,92.47 6 0
github.com/bacalhau-project/andaime/pkg/display/bubbletea_model.go:95.63,97.54 2 0
github.com/bacalhau-project/andaime/pkg/display/bubbletea_model.go:97.54,100.3 2 0
github.com/bacalhau-project/andaime/pkg/display/bubbletea_model.go:101.2,101.13 1 0
github.com/bacalhau-project/andaime/pkg/display/bubbletea_model.go:104.97,106.35 2 0
github.com/bacalhau-project/andaime/pkg/display/bubbletea_model.go:106.35,108.42 2 0
github.com/bacalhau-project/andaime/pkg/display/bubbletea_model.go:108.42,110.75 2 0
github.com/bacalhau-project/andaime/pkg/display/bubbletea_model.go:110.75,112.5 1 0
github.com/bacalhau-project/andaime/pkg/display/bubbletea_model.go:113.4,113.18 1 0
github.com/bacalhau-project/andaime/pkg/display/bubbletea_model.go:113.18,115.5 1 0
github.com/bacalhau-project/andaime/pkg/display/bubbletea_model.go:116.9,117.75 1 0
github.com/bacalhau-project/andaime/pkg/display/bubbletea_model.go:117.75,119.5 1 0
github.com/bacalhau-project/andaime/pkg/display/bubbletea_model.go:120.4,120.18 1 0
github.com/bacalhau-project/andaime/pkg/display/bubbletea_model.go:120.18,122.5 1 0
github.com/bacalhau-project/andaime/pkg/display/bubbletea_model.go:127.92,129.30 2 0
github.com/bacalhau-project/andaime/pkg/display/bubbletea_model.go:129.30,130.74 1 0
github.com/bacalhau-project/andaime/pkg/display/bubbletea_model.go:130.74,132.4 1 0
github.com/bacalhau-project/andaime/pkg/display/bubbletea_model.go:133.3,133.17 1 0
github.com/bacalhau-project/andaime/pkg/display/bubbletea_model.go:133.17,135.4 1 0
github.com/bacalhau-project/andaime/pkg/display/bubbletea_model.go:139.87,141.30 2 0
github.com/bacalhau-project/andaime/pkg/display/bubbletea_model.go:141.30,142.74 1 0
github.com/bacalhau-project/andaime/pkg/display/bubbletea_model.go:142.74,144.4 1 0
github.com/bacalhau-project/andaime/pkg/display/bubbletea_model.go:145.3,145.17 1 0
github.com/bacalhau-project/andaime/pkg/display/bubbletea_model.go:145.17,147.4 1 0
github.com/bacalhau-project/andaime/pkg/display/bubbletea_model.go:149.2,149.31 1 0
github.com/bacalhau-project/andaime/pkg/display/bubbletea_model.go:149.31,150.74 1 0
github.com/bacalhau-project/andaime/pkg/display/bubbletea_model.go:150.74,152.4 1 0
github.com/bacalhau-project/andaime/pkg/display/bubbletea_model.go:153.3,153.17 1 0
github.com/bacalhau-project/andaime/pkg/display/bubbletea_model.go:153.17,155.4 1 0
github.com/bacalhau-project/andaime/pkg/display/bubbletea_model.go:159.95,161.81 2 0
github.com/bacalhau-project/andaime/pkg/display/bubbletea_model.go:161.81,162.74 1 0
github.com/bacalhau-project/andaime/pkg/display/bubbletea_model.go:162.74,164.4 1 0
github.com/bacalhau-project/andaime/pkg/display/bubbletea_model.go:165.3,165.17 1 0
github.com/bacalhau-project/andaime/pkg/display/bubbletea_model.go:165.17,167.4 1 0
github.com/bacalhau-project/andaime/pkg/display/bubbletea_model.go:174.3,176.28 2 0
github.com/bacalhau-project/andaime/pkg/display/bubbletea_model.go:176.28,177.74 1 0
github.com/bacalhau-project/andaime/pkg/display/bubbletea_model.go:177.74,179.4 1 0
github.com/bacalhau-project/andaime/pkg/display/bubbletea_model.go:180.3,180.17 1 0
github.com/bacalhau-project/andaime/pkg/display/bubbletea_model.go:180.17,182.4 1 0
github.com/bacalhau-project/andaime/pkg/display/bubbletea_model.go:186.97,188.77 1 0
github.com/bacalhau-project/andaime/pkg/display/bubbletea_model.go:188.77,190.3 1 0
github.com/bacalhau-project/andaime/pkg/display/bubbletea_model.go:191.2,192.83 1 0
github.com/bacalhau-project/andaime/pkg/display/bubbletea_model.go:192.83,194.3 1 0
github.com/bacalhau-project/andaime/pkg/display/bubbletea_model.go:195.2,198.31 1 0
github.com/bacalhau-project/andaime/pkg/display/bubbletea_model.go:198.31,200.3 1 0
github.com/bacalhau-project/andaime/pkg/display/bubbletea_model.go:201.2,202.87 1 0
github.com/bacalhau-project/andaime/pkg/display/bubbletea_model.go:202.87,204.3 1 0
github.com/bacalhau-project/andaime/pkg/display/bubbletea_model.go:207.34,209.40 2 0
github.com/bacalhau-project/andaime/pkg/display/bubbletea_model.go:209.40,211.3 1 0
github.com/bacalhau-project/andaime/pkg/display/bubbletea_model.go:212.2,212.14 1 0
github.com/bacalhau-project/andaime/pkg/display/bubbletea_model.go:237.62,243.2 5 0
github.com/bacalhau-project/andaime/pkg/display/bubbletea_model.go:245.54,247.59 2 0
github.com/bacalhau-project/andaime/pkg/display/bubbletea_model.go:247.59,249.3 1 0
github.com/bacalhau-project/andaime/pkg/display/bubbletea_model.go:250.2,250.40 1 0
github.com/bacalhau-project/andaime/pkg/display/bubbletea_model.go:278.37,279.32 1 0
github.com/bacalhau-project/andaime/pkg/display/bubbletea_model.go:279.32,280.29 1 0
github.com/bacalhau-project/andaime/pkg/display/bubbletea_model.go:280.29,282.18 2 0
github.com/bacalhau-project/andaime/pkg/display/bubbletea_model.go:282.18,283.15 1 0
github.com/bacalhau-project/andaime/pkg/display/bubbletea_model.go:285.4,285.50 1 0
github.com/bacalhau-project/andaime/pkg/display/bubbletea_model.go:288.2,288.28 1 0
github.com/bacalhau-project/andaime/pkg/display/bubbletea_model.go:291.38,298.2 4 0
github.com/bacalhau-project/andaime/pkg/display/bubbletea_model.go:301.64,317.2 4 0
github.com/bacalhau-project/andaime/pkg/display/bubbletea_model.go:319.42,321.6 2 0
github.com/bacalhau-project/andaime/pkg/display/bubbletea_model.go:321.6,322.10 1 0
github.com/bacalhau-project/andaime/pkg/display/bubbletea_model.go:323.21,325.10 2 0
github.com/bacalhau-project/andaime/pkg/display/bubbletea_model.go:326.32,327.72 1 0
github.com/bacalhau-project/andaime/pkg/display/bubbletea_model.go:327.72,336.5 5 0
github.com/bacalhau-project/andaime/pkg/display/bubbletea_model.go:342.39,344.2 1 0
github.com/bacalhau-project/andaime/pkg/display/bubbletea_model.go:347.65,350.15 3 0
github.com/bacalhau-project/andaime/pkg/display/bubbletea_model.go:350.15,358.3 1 0
github.com/bacalhau-project/andaime/pkg/display/bubbletea_model.go:360.2,360.16 1 0
github.com/bacalhau-project/andaime/pkg/display/bubbletea_model.go:360.16,363.3 2 0
github.com/bacalhau-project/andaime/pkg/display/bubbletea_model.go:366.2,366.40 1 0
github.com/bacalhau-project/andaime/pkg/display/bubbletea_model.go:366.40,373.60 1 0
github.com/bacalhau-project/andaime/pkg/display/bubbletea_model.go:373.60,378.4 3 0
github.com/bacalhau-project/andaime/pkg/display/bubbletea_model.go:381.2,382.15 2 0
github.com/bacalhau-project/andaime/pkg/display/bubbletea_model.go:382.15,386.3 3 0
github.com/bacalhau-project/andaime/pkg/display/bubbletea_model.go:388.2,388.32 1 0
github.com/bacalhau-project/andaime/pkg/display/bubbletea_model.go:389.15,391.18 1 0
github.com/bacalhau-project/andaime/pkg/display/bubbletea_model.go:391.18,393.4 1 0
github.com/bacalhau-project/andaime/pkg/display/bubbletea_model.go:394.32,396.27 1 0
github.com/bacalhau-project/andaime/pkg/display/bubbletea_model.go:397.19,399.15 1 0
github.com/bacalhau-project/andaime/pkg/display/bubbletea_model.go:403.2,403.17 1 0
github.com/bacalhau-project/andaime/pkg/display/bubbletea_model.go:403.17,408.3 4 0
github.com/bacalhau-project/andaime/pkg/display/bubbletea_model.go:410.2,410.15 1 0
github.com/bacalhau-project/andaime/pkg/display/bubbletea_model.go:413.57,415.24 2 0
github.com/bacalhau-project/andaime/pkg/display/bubbletea_model.go:415.24,420.17 3 0
github.com/bacalhau-project/andaime/pkg/display/bubbletea_model.go:420.17,423.4 2 0
github.com/bacalhau-project/andaime/pkg/display/bubbletea_model.go:426.3,433.36 2 0
github.com/bacalhau-project/andaime/pkg/display/bubbletea_model.go:437.46,439.42 2 0
github.com/bacalhau-project/andaime/pkg/display/bubbletea_model.go:439.42,441.3 1 0
github.com/bacalhau-project/andaime/pkg/display/bubbletea_model.go:442.2,443.61 2 0
github.com/bacalhau-project/andaime/pkg/display/bubbletea_model.go:448.28,459.2 9 0
github.com/bacalhau-project/andaime/pkg/display/bubbletea_model.go:461.36,463.16 2 0
github.com/bacalhau-project/andaime/pkg/display/bubbletea_model.go:463.16,465.3 1 0
github.com/bacalhau-project/andaime/pkg/display/bubbletea_model.go:466.2,467.29 2 0
github.com/bacalhau-project/andaime/pkg/display/bubbletea_model.go:467.29,469.25 2 0
github.com/bacalhau-project/andaime/pkg/display/bubbletea_model.go:469.25,471.37 2 0
github.com/bacalhau-project/andaime/pkg/display/bubbletea_model.go:471.37,474.5 2 0
github.com/bacalhau-project/andaime/pkg/display/bubbletea_model.go:475.4,475.21 1 0
github.com/bacalhau-project/andaime/pkg/display/bubbletea_model.go:478.2,478.44 1 0
github.com/bacalhau-project/andaime/pkg/display/bubbletea_model.go:482.38,514.34 12 0
github.com/bacalhau-project/andaime/pkg/display/bubbletea_model.go:514.34,515.13 1 0
github.com/bacalhau-project/andaime/pkg/display/bubbletea_model.go:515.13,518.4 2 0
github.com/bacalhau-project/andaime/pkg/display/bubbletea_model.go:520.2,520.22 1 0
github.com/bacalhau-project/andaime/pkg/display/bubbletea_model.go:520.22,522.3 1 0
github.com/bacalhau-project/andaime/pkg/display/bubbletea_model.go:524.2,548.3 3 0
github.com/bacalhau-project/andaime/pkg/display/bubbletea_model.go:552.50,554.2 1 0
github.com/bacalhau-project/andaime/pkg/display/bubbletea_model.go:557.67,558.40 1 0
github.com/bacalhau-project/andaime/pkg/display/bubbletea_model.go:558.40,560.3 1 0
github.com/bacalhau-project/andaime/pkg/display/bubbletea_model.go:562.2,562.23 1 0
github.com/bacalhau-project/andaime/pkg/display/bubbletea_model.go:562.23,566.60 2 0
github.com/bacalhau-project/andaime/pkg/display/bubbletea_model.go:566.60,576.4 2 0
github.com/bacalhau-project/andaime/pkg/display/bubbletea_model.go:582.82,585.17 3 0
github.com/bacalhau-project/andaime/pkg/display/bubbletea_model.go:585.17,587.3 1 0
github.com/bacalhau-project/andaime/pkg/display/bubbletea_model.go:590.2,594.48 2 0
github.com/bacalhau-project/andaime/pkg/display/bubbletea_model.go:594.48,595.25 1 0
github.com/bacalhau-project/andaime/pkg/display/bubbletea_model.go:595.25,603.4 1 0
github.com/bacalhau-project/andaime/pkg/display/bubbletea_model.go:605.2,608.9 1 0
github.com/bacalhau-project/andaime/pkg/display/bubbletea_model.go:608.9,609.31 1 0
github.com/bacalhau-project/andaime/pkg/display/bubbletea_model.go:609.31,611.4 1 0
github.com/bacalhau-project/andaime/pkg/display/bubbletea_model.go:612.3,612.41 1 0
github.com/bacalhau-project/andaime/pkg/display/bubbletea_model.go:615.2,615.43 1 0
github.com/bacalhau-project/andaime/pkg/display/bubbletea_model.go:615.43,621.3 1 0
github.com/bacalhau-project/andaime/pkg/display/bubbletea_model.go:622.2,622.17 1 0
github.com/bacalhau-project/andaime/pkg/display/bubbletea_model.go:625.100,629.14 3 0
github.com/bacalhau-project/andaime/pkg/display/bubbletea_model.go:629.14,630.46 1 0
github.com/bacalhau-project/andaime/pkg/display/bubbletea_model.go:630.46,632.4 1 0
github.com/bacalhau-project/andaime/pkg/display/bubbletea_model.go:633.8,635.3 1 0
github.com/bacalhau-project/andaime/pkg/display/bubbletea_model.go:637.2,637.32 1 0
github.com/bacalhau-project/andaime/pkg/display/bubbletea_model.go:637.32,642.36 2 0
github.com/bacalhau-project/andaime/pkg/display/bubbletea_model.go:642.36,643.16 1 0
github.com/bacalhau-project/andaime/pkg/display/bubbletea_model.go:643.16,645.5 1 0
github.com/bacalhau-project/andaime/pkg/display/bubbletea_model.go:645.10,647.5 1 0
github.com/bacalhau-project/andaime/pkg/display/bubbletea_model.go:650.3,651.18 2 0
github.com/bacalhau-project/andaime/pkg/display/bubbletea_model.go:651.18,653.4 1 0
github.com/bacalhau-project/andaime/pkg/display/bubbletea_model.go:653.9,655.4 1 0
github.com/bacalhau-project/andaime/pkg/display/bubbletea_model.go:657.2,657.22 1 0
github.com/bacalhau-project/andaime/pkg/display/bubbletea_model.go:660.76,672.55 5 0
github.com/bacalhau-project/andaime/pkg/display/bubbletea_model.go:672.55,674.3 1 0
github.com/bacalhau-project/andaime/pkg/display/bubbletea_model.go:675.2,689.3 1 0
github.com/bacalhau-project/andaime/pkg/display/bubbletea_model.go:692.78,694.16 2 0
github.com/bacalhau-project/andaime/pkg/display/bubbletea_model.go:695.33,696.54 1 0
github.com/bacalhau-project/andaime/pkg/display/bubbletea_model.go:697.33,698.54 1 0
github.com/bacalhau-project/andaime/pkg/display/bubbletea_model.go:699.36,700.54 1 0
github.com/bacalhau-project/andaime/pkg/display/bubbletea_model.go:701.32,702.54 1 0
github.com/bacalhau-project/andaime/pkg/display/bubbletea_model.go:704.2,704.14 1 0
github.com/bacalhau-project/andaime/pkg/display/bubbletea_model.go:707.59,708.16 1 0
github.com/bacalhau-project/andaime/pkg/display/bubbletea_model.go:708.16,710.3 1 0
github.com/bacalhau-project/andaime/pkg/display/bubbletea_model.go:711.2,713.20 3 0
github.com/bacalhau-project/andaime/pkg/display/bubbletea_model.go:713.20,715.3 1 0
github.com/bacalhau-project/andaime/pkg/display/bubbletea_model.go:717.2,724.23 3 0
github.com/bacalhau-project/andaime/pkg/display/bubbletea_model.go:727.48,732.17 4 0
github.com/bacalhau-project/andaime/pkg/display/bubbletea_model.go:732.17,734.3 1 0
github.com/bacalhau-project/andaime/pkg/display/bubbletea_model.go:735.2,735.48 1 0
github.com/bacalhau-project/andaime/pkg/display/bubbletea_model.go:741.42,742.60 1 0
github.com/bacalhau-project/andaime/pkg/display/bubbletea_model.go:742.60,746.3 1 0
github.com/bacalhau-project/andaime/pkg/display/bubbletea_model.go:749.59,751.18 2 0
github.com/bacalhau-project/andaime/pkg/display/bubbletea_model.go:751.18,753.3 1 0
github.com/bacalhau-project/andaime/pkg/display/bubbletea_model.go:754.2,754.19 1 0
github.com/bacalhau-project/andaime/pkg/display/bubbletea_model.go:757.67,758.22 1 0
github.com/bacalhau-project/andaime/pkg/display/bubbletea_model.go:759.37,760.38 1 0
github.com/bacalhau-project/andaime/pkg/display/bubbletea_model.go:761.36,762.35 1 0
github.com/bacalhau-project/andaime/pkg/display/bubbletea_model.go:763.35,764.35 1 0
github.com/bacalhau-project/andaime/pkg/display/bubbletea_model.go:765.34,766.36 1 0
github.com/bacalhau-project/andaime/pkg/display/bubbletea_model.go:767.33,768.34 1 0
github.com/bacalhau-project/andaime/pkg/display/bubbletea_model.go:770.2,770.34 1 0
github.com/bacalhau-project/andaime/pkg/display/display.go:11.50,21.2 7 0
github.com/bacalhau-project/andaime/pkg/display/global.go:30.41,31.30 1 0
github.com/bacalhau-project/andaime/pkg/display/global.go:31.30,33.3 1 0
github.com/bacalhau-project/andaime/pkg/display/global.go:34.2,34.30 1 0
github.com/bacalhau-project/andaime/pkg/display/global.go:38.55,41.2 2 0
github.com/bacalhau-project/andaime/pkg/display/global.go:44.54,46.2 1 0
github.com/bacalhau-project/andaime/pkg/display/global.go:48.33,50.14 2 0
github.com/bacalhau-project/andaime/pkg/display/global.go:50.14,52.3 1 0
github.com/bacalhau-project/andaime/pkg/display/global.go:54.2,54.19 1 0
github.com/bacalhau-project/andaime/pkg/display/global.go:57.51,58.38 1 0
github.com/bacalhau-project/andaime/pkg/display/global.go:58.38,63.3 1 0
github.com/bacalhau-project/andaime/pkg/display/global.go:64.2,64.25 1 0
github.com/bacalhau-project/andaime/pkg/logger/logger.go:62.43,64.2 1 0
github.com/bacalhau-project/andaime/pkg/logger/logger.go:66.26,74.37 7 0
github.com/bacalhau-project/andaime/pkg/logger/logger.go:74.37,76.3 1 0
github.com/bacalhau-project/andaime/pkg/logger/logger.go:77.2,77.38 1 0
github.com/bacalhau-project/andaime/pkg/logger/logger.go:77.38,79.3 1 0
github.com/bacalhau-project/andaime/pkg/logger/logger.go:80.2,80.50 1 0
github.com/bacalhau-project/andaime/pkg/logger/logger.go:80.50,82.3 1 0
github.com/bacalhau-project/andaime/pkg/logger/logger.go:83.2,83.47 1 0
github.com/bacalhau-project/andaime/pkg/logger/logger.go:83.47,85.3 1 0
github.com/bacalhau-project/andaime/pkg/logger/logger.go:86.2,86.49 1 0
github.com/bacalhau-project/andaime/pkg/logger/logger.go:86.49,88.3 1 0
github.com/bacalhau-project/andaime/pkg/logger/logger.go:92.49,93.35 1 0
github.com/bacalhau-project/andaime/pkg/logger/logger.go:94.15,95.28 1 0
github.com/bacalhau-project/andaime/pkg/logger/logger.go:96.14,97.27 1 0
github.com/bacalhau-project/andaime/pkg/logger/logger.go:98.14,99.27 1 0
github.com/bacalhau-project/andaime/pkg/logger/logger.go:100.15,101.28 1 0
github.com/bacalhau-project/andaime/pkg/logger/logger.go:102.10,103.27 1 0
github.com/bacalhau-project/andaime/pkg/logger/logger.go:106.23,107.17 1 0
github.com/bacalhau-project/andaime/pkg/logger/logger.go:107.17,118.20 3 0
github.com/bacalhau-project/andaime/pkg/logger/logger.go:118.20,120.4 1 0
github.com/bacalhau-project/andaime/pkg/logger/logger.go:123.3,124.24 2 0
github.com/bacalhau-project/andaime/pkg/logger/logger.go:124.24,126.4 1 0
github.com/bacalhau-project/andaime/pkg/logger/logger.go:126.9,128.28 2 0
github.com/bacalhau-project/andaime/pkg/logger/logger.go:128.28,130.5 1 0
github.com/bacalhau-project/andaime/pkg/logger/logger.go:133.3,133.27 1 0
github.com/bacalhau-project/andaime/pkg/logger/logger.go:133.27,135.4 1 0
github.com/bacalhau-project/andaime/pkg/logger/logger.go:136.3,155.29 5 0
github.com/bacalhau-project/andaime/pkg/logger/logger.go:155.29,162.18 3 0
github.com/bacalhau-project/andaime/pkg/logger/logger.go:162.18,169.5 2 0
github.com/bacalhau-project/andaime/pkg/logger/logger.go:169.10,171.5 1 0
github.com/bacalhau-project/andaime/pkg/logger/logger.go:188.3,191.31 2 0
github.com/bacalhau-project/andaime/pkg/logger/logger.go:199.61,201.37 1 0
github.com/bacalhau-project/andaime/pkg/logger/logger.go:201.37,203.3 1 0
github.com/bacalhau-project/andaime/pkg/logger/logger.go:203.8,205.3 1 0
github.com/bacalhau-project/andaime/pkg/logger/logger.go:206.2,206.20 1 0
github.com/bacalhau-project/andaime/pkg/logger/logger.go:210.36,211.17 1 0
github.com/bacalhau-project/andaime/pkg/logger/logger.go:211.17,217.54 2 0
github.com/bacalhau-project/andaime/pkg/logger/logger.go:217.54,219.5 1 0
github.com/bacalhau-project/andaime/pkg/logger/logger.go:222.3,222.31 1 0
github.com/bacalhau-project/andaime/pkg/logger/logger.go:227.20,228.25 1 0
github.com/bacalhau-project/andaime/pkg/logger/logger.go:228.25,230.3 1 0
github.com/bacalhau-project/andaime/pkg/logger/logger.go:231.2,232.21 2 0
github.com/bacalhau-project/andaime/pkg/logger/logger.go:232.21,234.3 1 0
github.com/bacalhau-project/andaime/pkg/logger/logger.go:235.2,235.10 1 0
github.com/bacalhau-project/andaime/pkg/logger/logger.go:238.33,239.23 1 0
github.com/bacalhau-project/andaime/pkg/logger/logger.go:239.23,241.3 1 0
github.com/bacalhau-project/andaime/pkg/logger/logger.go:245.52,247.2 1 0
github.com/bacalhau-project/andaime/pkg/logger/logger.go:249.57,252.2 2 0
github.com/bacalhau-project/andaime/pkg/logger/logger.go:254.56,257.2 2 0
github.com/bacalhau-project/andaime/pkg/logger/logger.go:259.56,262.2 2 0
github.com/bacalhau-project/andaime/pkg/logger/logger.go:264.57,267.2 2 0
github.com/bacalhau-project/andaime/pkg/logger/logger.go:269.57,272.2 1 0
github.com/bacalhau-project/andaime/pkg/logger/logger.go:274.61,278.2 3 0
github.com/bacalhau-project/andaime/pkg/logger/logger.go:280.60,284.2 3 0
github.com/bacalhau-project/andaime/pkg/logger/logger.go:286.60,290.2 3 0
github.com/bacalhau-project/andaime/pkg/logger/logger.go:292.61,296.2 3 0
github.com/bacalhau-project/andaime/pkg/logger/logger.go:298.61,302.2 2 0
github.com/bacalhau-project/andaime/pkg/logger/logger.go:305.31,307.2 1 0
github.com/bacalhau-project/andaime/pkg/logger/logger.go:310.29,312.2 1 0
github.com/bacalhau-project/andaime/pkg/logger/logger.go:315.36,316.25 1 0
github.com/bacalhau-project/andaime/pkg/logger/logger.go:316.25,318.3 1 0
github.com/bacalhau-project/andaime/pkg/logger/logger.go:319.2,319.25 1 0
github.com/bacalhau-project/andaime/pkg/logger/logger.go:319.25,324.17 4 0
github.com/bacalhau-project/andaime/pkg/logger/logger.go:324.17,327.4 2 0
github.com/bacalhau-project/andaime/pkg/logger/logger.go:328.3,328.27 1 0
github.com/bacalhau-project/andaime/pkg/logger/logger.go:333.37,334.42 1 0
github.com/bacalhau-project/andaime/pkg/logger/logger.go:334.42,337.3 2 0
github.com/bacalhau-project/andaime/pkg/logger/logger.go:337.8,339.3 1 0
github.com/bacalhau-project/andaime/pkg/logger/logger.go:340.2,340.18 1 0
github.com/bacalhau-project/andaime/pkg/logger/logger.go:347.61,349.2 1 0
github.com/bacalhau-project/andaime/pkg/logger/logger.go:352.41,354.25 2 0
github.com/bacalhau-project/andaime/pkg/logger/logger.go:354.25,356.3 1 0
github.com/bacalhau-project/andaime/pkg/logger/logger.go:359.29,360.25 1 0
github.com/bacalhau-project/andaime/pkg/logger/logger.go:360.25,362.3 1 0
github.com/bacalhau-project/andaime/pkg/logger/logger.go:363.2,364.23 2 0
github.com/bacalhau-project/andaime/pkg/logger/logger.go:364.23,366.3 1 0
github.com/bacalhau-project/andaime/pkg/logger/logger.go:369.36,370.25 1 0
github.com/bacalhau-project/andaime/pkg/logger/logger.go:370.25,372.3 1 0
github.com/bacalhau-project/andaime/pkg/logger/logger.go:373.2,374.23 2 0
github.com/bacalhau-project/andaime/pkg/logger/logger.go:374.23,376.3 1 0
github.com/bacalhau-project/andaime/pkg/logger/logger.go:392.35,394.26 2 0
github.com/bacalhau-project/andaime/pkg/logger/logger.go:394.26,398.3 3 0
github.com/bacalhau-project/andaime/pkg/logger/logger.go:401.2,402.16 2 0
github.com/bacalhau-project/andaime/pkg/logger/logger.go:402.16,406.3 3 0
github.com/bacalhau-project/andaime/pkg/logger/logger.go:407.2,411.16 3 0
github.com/bacalhau-project/andaime/pkg/logger/logger.go:411.16,415.3 3 0
github.com/bacalhau-project/andaime/pkg/logger/logger.go:418.2,422.15 3 0
github.com/bacalhau-project/andaime/pkg/logger/logger.go:422.15,424.3 1 0
github.com/bacalhau-project/andaime/pkg/logger/logger.go:425.2,429.33 3 0
github.com/bacalhau-project/andaime/pkg/logger/logger.go:429.33,430.17 1 0
github.com/bacalhau-project/andaime/pkg/logger/logger.go:430.17,432.4 1 0
github.com/bacalhau-project/andaime/pkg/logger/logger.go:435.2,435.15 1 0
github.com/bacalhau-project/andaime/pkg/logger/logger.go:438.38,445.16 3 0
github.com/bacalhau-project/andaime/pkg/logger/logger.go:445.16,448.3 2 0
github.com/bacalhau-project/andaime/pkg/logger/logger.go:449.2,453.16 4 0
github.com/bacalhau-project/andaime/pkg/logger/logger.go:453.16,455.3 1 0
github.com/bacalhau-project/andaime/pkg/logger/logger.go:458.38,460.2 1 0
github.com/bacalhau-project/andaime/pkg/logger/logger.go:462.36,463.27 1 0
github.com/bacalhau-project/andaime/pkg/logger/logger.go:463.27,466.3 2 0
github.com/bacalhau-project/andaime/pkg/logger/logger.go:468.2,473.16 2 0
github.com/bacalhau-project/andaime/pkg/logger/logger.go:473.16,476.3 2 0
github.com/bacalhau-project/andaime/pkg/logger/logger.go:477.2,481.16 4 0
github.com/bacalhau-project/andaime/pkg/logger/logger.go:481.16,483.3 1 0
github.com/bacalhau-project/andaime/pkg/logger/logger.go:486.34,488.2 1 0
github.com/bacalhau-project/andaime/pkg/logger/logger.go:491.32,493.25 2 0
github.com/bacalhau-project/andaime/pkg/logger/logger.go:493.25,496.3 2 0
github.com/bacalhau-project/andaime/pkg/logger/logger.go:498.46,499.32 1 0
github.com/bacalhau-project/andaime/pkg/logger/logger.go:500.15,501.28 1 0
github.com/bacalhau-project/andaime/pkg/logger/logger.go:502.14,503.27 1 0
github.com/bacalhau-project/andaime/pkg/logger/logger.go:504.14,505.27 1 0
github.com/bacalhau-project/andaime/pkg/logger/logger.go:506.15,507.28 1 0
github.com/bacalhau-project/andaime/pkg/logger/logger.go:508.10,510.27 2 0
github.com/bacalhau-project/andaime/internal/clouds/azure/embed.go:13.39,15.16 2 0
github.com/bacalhau-project/andaime/internal/clouds/azure/embed.go:15.16,17.3 1 0
github.com/bacalhau-project/andaime/internal/clouds/azure/embed.go:18.2,18.18 1 0
github.com/bacalhau-project/andaime/internal/clouds/azure/embed.go:21.37,23.16 2 1
github.com/bacalhau-project/andaime/internal/clouds/azure/embed.go:23.16,25.3 1 0
github.com/bacalhau-project/andaime/internal/clouds/azure/embed.go:26.2,26.18 1 1
github.com/bacalhau-project/andaime/internal/clouds/azure/locations.go:15.43,17.16 2 1
github.com/bacalhau-project/andaime/internal/clouds/azure/locations.go:17.16,19.3 1 0
github.com/bacalhau-project/andaime/internal/clouds/azure/locations.go:21.2,23.16 3 1
github.com/bacalhau-project/andaime/internal/clouds/azure/locations.go:23.16,25.3 1 0
github.com/bacalhau-project/andaime/internal/clouds/azure/locations.go:28.2,29.44 2 1
github.com/bacalhau-project/andaime/internal/clouds/azure/locations.go:29.44,31.3 1 1
github.com/bacalhau-project/andaime/internal/clouds/azure/locations.go:32.2,38.43 3 1
github.com/bacalhau-project/andaime/internal/clouds/azure/locations.go:38.43,42.3 3 1
github.com/bacalhau-project/andaime/internal/clouds/azure/locations.go:44.2,44.33 1 1
github.com/bacalhau-project/andaime/internal/clouds/azure/locations.go:47.49,50.16 3 1
github.com/bacalhau-project/andaime/internal/clouds/azure/locations.go:50.16,53.3 2 0
github.com/bacalhau-project/andaime/internal/clouds/azure/locations.go:55.2,57.16 3 1
github.com/bacalhau-project/andaime/internal/clouds/azure/locations.go:57.16,60.3 2 0
github.com/bacalhau-project/andaime/internal/clouds/azure/locations.go:62.2,63.15 2 1
github.com/bacalhau-project/andaime/internal/clouds/azure/locations.go:66.55,69.16 3 0
github.com/bacalhau-project/andaime/internal/clouds/azure/locations.go:69.16,72.3 2 0
github.com/bacalhau-project/andaime/internal/clouds/azure/locations.go:74.2,76.16 3 0
github.com/bacalhau-project/andaime/internal/clouds/azure/locations.go:76.16,79.3 2 0
github.com/bacalhau-project/andaime/internal/clouds/azure/locations.go:81.2,82.13 2 0
github.com/bacalhau-project/andaime/internal/clouds/azure/locations.go:82.13,85.3 2 0
github.com/bacalhau-project/andaime/internal/clouds/azure/locations.go:87.2,87.31 1 0
github.com/bacalhau-project/andaime/internal/clouds/azure/locations.go:87.31,88.21 1 0
github.com/bacalhau-project/andaime/internal/clouds/azure/locations.go:88.21,90.4 1 0
github.com/bacalhau-project/andaime/internal/clouds/azure/locations.go:93.2,94.14 2 0
github.com/bacalhau-project/andaime/pkg/logger/logger.go:62.43,64.2 1 0
github.com/bacalhau-project/andaime/pkg/logger/logger.go:66.26,74.37 7 0
github.com/bacalhau-project/andaime/pkg/logger/logger.go:74.37,76.3 1 0
github.com/bacalhau-project/andaime/pkg/logger/logger.go:77.2,77.38 1 0
github.com/bacalhau-project/andaime/pkg/logger/logger.go:77.38,79.3 1 0
github.com/bacalhau-project/andaime/pkg/logger/logger.go:80.2,80.50 1 0
github.com/bacalhau-project/andaime/pkg/logger/logger.go:80.50,82.3 1 0
github.com/bacalhau-project/andaime/pkg/logger/logger.go:83.2,83.47 1 0
github.com/bacalhau-project/andaime/pkg/logger/logger.go:83.47,85.3 1 0
github.com/bacalhau-project/andaime/pkg/logger/logger.go:86.2,86.49 1 0
github.com/bacalhau-project/andaime/pkg/logger/logger.go:86.49,88.3 1 0
github.com/bacalhau-project/andaime/pkg/logger/logger.go:92.49,93.35 1 0
github.com/bacalhau-project/andaime/pkg/logger/logger.go:94.15,95.28 1 0
github.com/bacalhau-project/andaime/pkg/logger/logger.go:96.14,97.27 1 0
github.com/bacalhau-project/andaime/pkg/logger/logger.go:98.14,99.27 1 0
github.com/bacalhau-project/andaime/pkg/logger/logger.go:100.15,101.28 1 0
github.com/bacalhau-project/andaime/pkg/logger/logger.go:102.10,103.27 1 0
github.com/bacalhau-project/andaime/pkg/logger/logger.go:106.23,107.17 1 1
github.com/bacalhau-project/andaime/pkg/logger/logger.go:107.17,118.20 3 1
github.com/bacalhau-project/andaime/pkg/logger/logger.go:118.20,120.4 1 0
github.com/bacalhau-project/andaime/pkg/logger/logger.go:123.3,124.24 2 1
github.com/bacalhau-project/andaime/pkg/logger/logger.go:124.24,126.4 1 0
github.com/bacalhau-project/andaime/pkg/logger/logger.go:126.9,128.28 2 1
github.com/bacalhau-project/andaime/pkg/logger/logger.go:128.28,130.5 1 0
github.com/bacalhau-project/andaime/pkg/logger/logger.go:133.3,133.27 1 1
github.com/bacalhau-project/andaime/pkg/logger/logger.go:133.27,135.4 1 0
github.com/bacalhau-project/andaime/pkg/logger/logger.go:136.3,155.29 5 1
github.com/bacalhau-project/andaime/pkg/logger/logger.go:155.29,162.18 3 0
github.com/bacalhau-project/andaime/pkg/logger/logger.go:162.18,169.5 2 0
github.com/bacalhau-project/andaime/pkg/logger/logger.go:169.10,171.5 1 0
github.com/bacalhau-project/andaime/pkg/logger/logger.go:188.3,191.31 2 1
github.com/bacalhau-project/andaime/pkg/logger/logger.go:199.61,201.37 1 0
github.com/bacalhau-project/andaime/pkg/logger/logger.go:201.37,203.3 1 0
github.com/bacalhau-project/andaime/pkg/logger/logger.go:203.8,205.3 1 0
github.com/bacalhau-project/andaime/pkg/logger/logger.go:206.2,206.20 1 0
github.com/bacalhau-project/andaime/pkg/logger/logger.go:210.36,211.17 1 0
github.com/bacalhau-project/andaime/pkg/logger/logger.go:211.17,217.54 2 0
github.com/bacalhau-project/andaime/pkg/logger/logger.go:217.54,219.5 1 0
github.com/bacalhau-project/andaime/pkg/logger/logger.go:222.3,222.31 1 0
github.com/bacalhau-project/andaime/pkg/logger/logger.go:227.20,228.25 1 1
github.com/bacalhau-project/andaime/pkg/logger/logger.go:228.25,230.3 1 1
github.com/bacalhau-project/andaime/pkg/logger/logger.go:231.2,232.21 2 1
github.com/bacalhau-project/andaime/pkg/logger/logger.go:232.21,234.3 1 0
github.com/bacalhau-project/andaime/pkg/logger/logger.go:235.2,235.10 1 1
github.com/bacalhau-project/andaime/pkg/logger/logger.go:238.33,239.23 1 0
github.com/bacalhau-project/andaime/pkg/logger/logger.go:239.23,241.3 1 0
github.com/bacalhau-project/andaime/pkg/logger/logger.go:245.52,247.2 1 0
github.com/bacalhau-project/andaime/pkg/logger/logger.go:249.57,252.2 2 0
github.com/bacalhau-project/andaime/pkg/logger/logger.go:254.56,257.2 2 0
github.com/bacalhau-project/andaime/pkg/logger/logger.go:259.56,262.2 2 0
github.com/bacalhau-project/andaime/pkg/logger/logger.go:264.57,267.2 2 0
github.com/bacalhau-project/andaime/pkg/logger/logger.go:269.57,272.2 1 0
github.com/bacalhau-project/andaime/pkg/logger/logger.go:274.61,278.2 3 0
github.com/bacalhau-project/andaime/pkg/logger/logger.go:280.60,284.2 3 0
github.com/bacalhau-project/andaime/pkg/logger/logger.go:286.60,290.2 3 0
github.com/bacalhau-project/andaime/pkg/logger/logger.go:292.61,296.2 3 0
github.com/bacalhau-project/andaime/pkg/logger/logger.go:298.61,302.2 2 0
github.com/bacalhau-project/andaime/pkg/logger/logger.go:305.31,307.2 1 0
github.com/bacalhau-project/andaime/pkg/logger/logger.go:310.29,312.2 1 0
github.com/bacalhau-project/andaime/pkg/logger/logger.go:315.36,316.25 1 0
github.com/bacalhau-project/andaime/pkg/logger/logger.go:316.25,318.3 1 0
github.com/bacalhau-project/andaime/pkg/logger/logger.go:319.2,319.25 1 0
github.com/bacalhau-project/andaime/pkg/logger/logger.go:319.25,324.17 4 0
github.com/bacalhau-project/andaime/pkg/logger/logger.go:324.17,327.4 2 0
github.com/bacalhau-project/andaime/pkg/logger/logger.go:328.3,328.27 1 0
github.com/bacalhau-project/andaime/pkg/logger/logger.go:333.37,334.42 1 0
github.com/bacalhau-project/andaime/pkg/logger/logger.go:334.42,337.3 2 0
github.com/bacalhau-project/andaime/pkg/logger/logger.go:337.8,339.3 1 0
github.com/bacalhau-project/andaime/pkg/logger/logger.go:340.2,340.18 1 0
github.com/bacalhau-project/andaime/pkg/logger/logger.go:347.61,349.2 1 0
github.com/bacalhau-project/andaime/pkg/logger/logger.go:352.41,354.25 2 0
github.com/bacalhau-project/andaime/pkg/logger/logger.go:354.25,356.3 1 0
github.com/bacalhau-project/andaime/pkg/logger/logger.go:359.29,360.25 1 0
github.com/bacalhau-project/andaime/pkg/logger/logger.go:360.25,362.3 1 0
github.com/bacalhau-project/andaime/pkg/logger/logger.go:363.2,364.23 2 0
github.com/bacalhau-project/andaime/pkg/logger/logger.go:364.23,366.3 1 0
github.com/bacalhau-project/andaime/pkg/logger/logger.go:369.36,370.25 1 0
github.com/bacalhau-project/andaime/pkg/logger/logger.go:370.25,372.3 1 0
github.com/bacalhau-project/andaime/pkg/logger/logger.go:373.2,374.23 2 0
github.com/bacalhau-project/andaime/pkg/logger/logger.go:374.23,376.3 1 0
github.com/bacalhau-project/andaime/pkg/logger/logger.go:392.35,394.26 2 0
github.com/bacalhau-project/andaime/pkg/logger/logger.go:394.26,398.3 3 0
github.com/bacalhau-project/andaime/pkg/logger/logger.go:401.2,402.16 2 0
github.com/bacalhau-project/andaime/pkg/logger/logger.go:402.16,406.3 3 0
github.com/bacalhau-project/andaime/pkg/logger/logger.go:407.2,411.16 3 0
github.com/bacalhau-project/andaime/pkg/logger/logger.go:411.16,415.3 3 0
github.com/bacalhau-project/andaime/pkg/logger/logger.go:418.2,422.15 3 0
github.com/bacalhau-project/andaime/pkg/logger/logger.go:422.15,424.3 1 0
github.com/bacalhau-project/andaime/pkg/logger/logger.go:425.2,429.33 3 0
github.com/bacalhau-project/andaime/pkg/logger/logger.go:429.33,430.17 1 0
github.com/bacalhau-project/andaime/pkg/logger/logger.go:430.17,432.4 1 0
github.com/bacalhau-project/andaime/pkg/logger/logger.go:435.2,435.15 1 0
github.com/bacalhau-project/andaime/pkg/logger/logger.go:438.38,445.16 3 0
github.com/bacalhau-project/andaime/pkg/logger/logger.go:445.16,448.3 2 0
github.com/bacalhau-project/andaime/pkg/logger/logger.go:449.2,453.16 4 0
github.com/bacalhau-project/andaime/pkg/logger/logger.go:453.16,455.3 1 0
github.com/bacalhau-project/andaime/pkg/logger/logger.go:458.38,460.2 1 0
github.com/bacalhau-project/andaime/pkg/logger/logger.go:462.36,463.27 1 0
github.com/bacalhau-project/andaime/pkg/logger/logger.go:463.27,466.3 2 0
github.com/bacalhau-project/andaime/pkg/logger/logger.go:468.2,473.16 2 0
github.com/bacalhau-project/andaime/pkg/logger/logger.go:473.16,476.3 2 0
github.com/bacalhau-project/andaime/pkg/logger/logger.go:477.2,481.16 4 0
github.com/bacalhau-project/andaime/pkg/logger/logger.go:481.16,483.3 1 0
github.com/bacalhau-project/andaime/pkg/logger/logger.go:486.34,488.2 1 0
github.com/bacalhau-project/andaime/pkg/logger/logger.go:491.32,493.25 2 0
github.com/bacalhau-project/andaime/pkg/logger/logger.go:493.25,496.3 2 0
github.com/bacalhau-project/andaime/pkg/logger/logger.go:498.46,499.32 1 1
github.com/bacalhau-project/andaime/pkg/logger/logger.go:500.15,501.28 1 0
github.com/bacalhau-project/andaime/pkg/logger/logger.go:502.14,503.27 1 1
github.com/bacalhau-project/andaime/pkg/logger/logger.go:504.14,505.27 1 0
github.com/bacalhau-project/andaime/pkg/logger/logger.go:506.15,507.28 1 0
github.com/bacalhau-project/andaime/pkg/logger/logger.go:508.10,510.27 2 0
github.com/bacalhau-project/andaime/pkg/testutils/testutils.go:11.38,39.32 4 0
github.com/bacalhau-project/andaime/pkg/testutils/testutils.go:39.32,41.3 1 0
github.com/bacalhau-project/andaime/pkg/testutils/testutils.go:43.2,43.36 1 0
github.com/bacalhau-project/andaime/pkg/testutils/testutils.go:46.49,60.2 10 0
github.com/bacalhau-project/andaime/pkg/testutils/testutils.go:62.87,63.24 1 0
github.com/bacalhau-project/andaime/pkg/testutils/testutils.go:63.24,65.3 1 0
github.com/bacalhau-project/andaime/pkg/testutils/testutils.go:66.2,67.34 2 0
github.com/bacalhau-project/andaime/pkg/testutils/testutils.go:67.34,68.13 1 0
github.com/bacalhau-project/andaime/pkg/testutils/testutils.go:68.13,70.4 1 0
github.com/bacalhau-project/andaime/pkg/testutils/testutils.go:71.3,71.6 1 0
github.com/bacalhau-project/andaime/pkg/testutils/testutils.go:73.2,73.12 1 0
github.com/bacalhau-project/andaime/pkg/testutils/testutils.go:76.28,88.2 2 0
github.com/bacalhau-project/andaime/pkg/testutils/testutils.go:90.26,92.2 1 0
github.com/bacalhau-project/andaime/pkg/testutils/testutils.go:94.28,97.2 2 0
github.com/bacalhau-project/andaime/pkg/testutils/testutils.go:99.52,100.16 1 0
github.com/bacalhau-project/andaime/pkg/testutils/testutils.go:101.17,102.21 1 0
github.com/bacalhau-project/andaime/pkg/testutils/testutils.go:103.17,104.19 1 0
github.com/bacalhau-project/andaime/pkg/testutils/testutils.go:105.18,106.25 1 0
github.com/bacalhau-project/andaime/pkg/testutils/testutils.go:107.17,108.23 1 0
github.com/bacalhau-project/andaime/pkg/testutils/testutils.go:109.20,110.19 1 0
github.com/bacalhau-project/andaime/pkg/testutils/testutils.go:111.10,112.19 1 0
github.com/bacalhau-project/andaime/pkg/testutils/testutils.go:116.24,124.2 1 0
github.com/bacalhau-project/andaime/pkg/utils/channels.go:30.63,37.2 1 0
github.com/bacalhau-project/andaime/pkg/utils/channels.go:39.32,42.16 3 0
github.com/bacalhau-project/andaime/pkg/utils/channels.go:42.16,43.16 1 0
github.com/bacalhau-project/andaime/pkg/utils/channels.go:43.16,44.32 1 0
github.com/bacalhau-project/andaime/pkg/utils/channels.go:44.32,47.5 1 0
github.com/bacalhau-project/andaime/pkg/utils/channels.go:49.3,50.19 2 0
github.com/bacalhau-project/andaime/pkg/utils/channels.go:54.40,58.2 3 0
github.com/bacalhau-project/andaime/pkg/utils/channels.go:60.36,64.2 3 0
github.com/bacalhau-project/andaime/pkg/utils/channels.go:66.41,68.2 1 0
github.com/bacalhau-project/andaime/pkg/utils/channels.go:70.49,72.2 1 0
github.com/bacalhau-project/andaime/pkg/utils/channels.go:75.96,80.2 4 0
github.com/bacalhau-project/andaime/pkg/utils/channels.go:82.38,85.46 3 0
github.com/bacalhau-project/andaime/pkg/utils/channels.go:85.46,87.3 1 0
github.com/bacalhau-project/andaime/pkg/utils/channels.go:90.25,95.36 5 0
github.com/bacalhau-project/andaime/pkg/utils/channels.go:95.36,96.16 1 0
github.com/bacalhau-project/andaime/pkg/utils/channels.go:96.16,97.22 1 0
github.com/bacalhau-project/andaime/pkg/utils/channels.go:97.22,100.5 2 0
github.com/bacalhau-project/andaime/pkg/utils/channels.go:100.10,102.5 1 0
github.com/bacalhau-project/andaime/pkg/utils/channels.go:103.9,105.4 1 0
github.com/bacalhau-project/andaime/pkg/utils/channels.go:106.3,106.16 1 0
github.com/bacalhau-project/andaime/pkg/utils/channels.go:106.16,108.4 1 0
github.com/bacalhau-project/andaime/pkg/utils/channels.go:110.2,110.33 1 0
github.com/bacalhau-project/andaime/pkg/utils/channels.go:114.68,117.2 1 0
github.com/bacalhau-project/andaime/pkg/utils/channels.go:119.67,122.2 1 0
github.com/bacalhau-project/andaime/pkg/utils/channels.go:124.63,127.2 1 0
github.com/bacalhau-project/andaime/pkg/utils/channels.go:129.65,132.2 1 0
github.com/bacalhau-project/andaime/pkg/utils/channels.go:134.76,137.2 1 0
github.com/bacalhau-project/andaime/pkg/utils/channels.go:139.61,142.2 1 0
github.com/bacalhau-project/andaime/pkg/utils/channels.go:144.78,147.2 1 0
github.com/bacalhau-project/andaime/pkg/utils/channels.go:150.35,159.45 6 0
github.com/bacalhau-project/andaime/pkg/utils/channels.go:159.45,163.35 3 0
github.com/bacalhau-project/andaime/pkg/utils/channels.go:163.35,164.30 1 0
github.com/bacalhau-project/andaime/pkg/utils/channels.go:164.30,167.5 2 0
github.com/bacalhau-project/andaime/pkg/utils/channels.go:168.4,170.10 3 0
github.com/bacalhau-project/andaime/pkg/utils/channels.go:175.2,181.3 2 0
github.com/bacalhau-project/andaime/pkg/utils/channels.go:184.42,187.45 3 0
github.com/bacalhau-project/andaime/pkg/utils/channels.go:187.45,188.38 1 0
github.com/bacalhau-project/andaime/pkg/utils/channels.go:188.38,190.4 1 0
github.com/bacalhau-project/andaime/pkg/utils/channels.go:192.2,192.13 1 0
github.com/bacalhau-project/andaime/pkg/utils/channels.go:195.26,199.36 4 0
github.com/bacalhau-project/andaime/pkg/utils/channels.go:199.36,200.34 1 0
github.com/bacalhau-project/andaime/pkg/utils/channels.go:200.34,202.4 1 0
github.com/bacalhau-project/andaime/pkg/utils/channels.go:206.34,209.36 3 0
github.com/bacalhau-project/andaime/pkg/utils/channels.go:209.36,210.21 1 0
github.com/bacalhau-project/andaime/pkg/utils/channels.go:210.21,212.4 1 0
github.com/bacalhau-project/andaime/pkg/utils/channels.go:214.2,214.13 1 0
github.com/bacalhau-project/andaime/pkg/utils/circular_buffer.go:12.50,16.2 1 0
github.com/bacalhau-project/andaime/pkg/utils/circular_buffer.go:18.44,24.29 5 0
github.com/bacalhau-project/andaime/pkg/utils/circular_buffer.go:24.29,26.3 1 0
github.com/bacalhau-project/andaime/pkg/utils/circular_buffer.go:29.47,33.14 3 0
github.com/bacalhau-project/andaime/pkg/utils/circular_buffer.go:33.14,35.3 1 0
github.com/bacalhau-project/andaime/pkg/utils/circular_buffer.go:37.2,40.15 4 0
github.com/bacalhau-project/andaime/pkg/utils/config.go:30.44,35.16 4 0
github.com/bacalhau-project/andaime/pkg/utils/config.go:35.16,37.3 1 0
github.com/bacalhau-project/andaime/pkg/utils/config.go:39.2,41.49 3 0
github.com/bacalhau-project/andaime/pkg/utils/config.go:41.49,43.3 1 0
github.com/bacalhau-project/andaime/pkg/utils/config.go:45.2,52.44 4 0
github.com/bacalhau-project/andaime/pkg/utils/config.go:52.44,53.61 1 0
github.com/bacalhau-project/andaime/pkg/utils/config.go:53.61,55.4 1 0
github.com/bacalhau-project/andaime/pkg/utils/config.go:55.9,58.4 1 0
github.com/bacalhau-project/andaime/pkg/utils/config.go:62.2,66.52 3 0
github.com/bacalhau-project/andaime/pkg/utils/config.go:66.52,68.34 2 0
github.com/bacalhau-project/andaime/pkg/utils/config.go:68.34,70.4 1 0
github.com/bacalhau-project/andaime/pkg/utils/config.go:71.3,71.58 1 0
github.com/bacalhau-project/andaime/pkg/utils/config.go:71.58,73.4 1 0
github.com/bacalhau-project/andaime/pkg/utils/config.go:73.9,74.9 1 0
github.com/bacalhau-project/andaime/pkg/utils/config.go:78.2,79.16 2 0
github.com/bacalhau-project/andaime/pkg/utils/config.go:79.16,81.3 1 0
github.com/bacalhau-project/andaime/pkg/utils/config.go:83.2,83.75 1 0
github.com/bacalhau-project/andaime/pkg/utils/config.go:83.75,85.3 1 0
github.com/bacalhau-project/andaime/pkg/utils/config.go:87.2,88.45 2 0
github.com/bacalhau-project/andaime/pkg/utils/config.go:88.45,90.3 1 0
github.com/bacalhau-project/andaime/pkg/utils/config.go:92.2,92.12 1 0
github.com/bacalhau-project/andaime/pkg/utils/config.go:95.72,98.17 2 0
github.com/bacalhau-project/andaime/pkg/utils/config.go:98.17,100.3 1 0
github.com/bacalhau-project/andaime/pkg/utils/config.go:103.2,108.16 4 0
github.com/bacalhau-project/andaime/pkg/utils/config.go:108.16,110.3 1 0
github.com/bacalhau-project/andaime/pkg/utils/config.go:112.2,112.20 1 0
github.com/bacalhau-project/andaime/pkg/utils/config.go:115.36,120.2 2 0
github.com/bacalhau-project/andaime/pkg/utils/debug.go:11.23,28.2 10 0
github.com/bacalhau-project/andaime/pkg/utils/objects.go:10.94,11.17 1 0
github.com/bacalhau-project/andaime/pkg/utils/objects.go:11.17,13.3 1 0
github.com/bacalhau-project/andaime/pkg/utils/objects.go:14.2,14.28 1 0
github.com/bacalhau-project/andaime/pkg/utils/objects.go:14.28,16.3 1 0
github.com/bacalhau-project/andaime/pkg/utils/objects.go:17.2,17.32 1 0
github.com/bacalhau-project/andaime/pkg/utils/objects.go:17.32,19.3 1 0
github.com/bacalhau-project/andaime/pkg/utils/objects.go:20.2,20.46 1 0
github.com/bacalhau-project/andaime/pkg/utils/objects.go:20.46,22.3 1 0
github.com/bacalhau-project/andaime/pkg/utils/objects.go:23.2,23.30 1 0
github.com/bacalhau-project/andaime/pkg/utils/objects.go:23.30,25.3 1 0
github.com/bacalhau-project/andaime/pkg/utils/objects.go:26.2,26.31 1 0
github.com/bacalhau-project/andaime/pkg/utils/objects.go:26.31,28.3 1 0
github.com/bacalhau-project/andaime/pkg/utils/objects.go:29.2,29.36 1 0
github.com/bacalhau-project/andaime/pkg/utils/objects.go:29.36,31.3 1 0
github.com/bacalhau-project/andaime/pkg/utils/objects.go:32.2,32.13 1 0
github.com/bacalhau-project/andaime/pkg/utils/objects.go:35.94,36.19 1 0
github.com/bacalhau-project/andaime/pkg/utils/objects.go:36.19,38.3 1 0
github.com/bacalhau-project/andaime/pkg/utils/objects.go:39.2,39.37 1 0
github.com/bacalhau-project/andaime/pkg/utils/objects.go:39.37,41.3 1 0
github.com/bacalhau-project/andaime/pkg/utils/objects.go:42.2,42.41 1 0
github.com/bacalhau-project/andaime/pkg/utils/objects.go:42.41,44.3 1 0
github.com/bacalhau-project/andaime/pkg/utils/objects.go:45.2,45.55 1 0
github.com/bacalhau-project/andaime/pkg/utils/objects.go:45.55,47.3 1 0
github.com/bacalhau-project/andaime/pkg/utils/objects.go:48.2,48.39 1 0
github.com/bacalhau-project/andaime/pkg/utils/objects.go:48.39,50.3 1 0
github.com/bacalhau-project/andaime/pkg/utils/objects.go:51.2,51.40 1 0
github.com/bacalhau-project/andaime/pkg/utils/objects.go:51.40,53.3 1 0
github.com/bacalhau-project/andaime/pkg/utils/objects.go:54.2,54.45 1 0
github.com/bacalhau-project/andaime/pkg/utils/objects.go:54.45,56.3 1 0
github.com/bacalhau-project/andaime/pkg/utils/objects.go:57.2,57.15 1 0
github.com/bacalhau-project/andaime/pkg/utils/objects.go:60.67,62.16 2 0
github.com/bacalhau-project/andaime/pkg/utils/objects.go:62.16,64.3 1 0
github.com/bacalhau-project/andaime/pkg/utils/objects.go:66.2,68.16 3 0
github.com/bacalhau-project/andaime/pkg/utils/objects.go:68.16,70.3 1 0
github.com/bacalhau-project/andaime/pkg/utils/objects.go:72.2,72.20 1 0
github.com/bacalhau-project/andaime/pkg/utils/objects.go:75.59,76.21 1 0
github.com/bacalhau-project/andaime/pkg/utils/objects.go:76.21,77.24 1 0
github.com/bacalhau-project/andaime/pkg/utils/objects.go:77.24,79.4 1 0
github.com/bacalhau-project/andaime/pkg/utils/objects.go:80.3,80.22 1 0
github.com/bacalhau-project/andaime/pkg/utils/objects.go:82.2,82.19 1 0
github.com/bacalhau-project/andaime/pkg/utils/slice.go:4.41,6.22 2 0
github.com/bacalhau-project/andaime/pkg/utils/slice.go:6.22,8.3 1 0
github.com/bacalhau-project/andaime/pkg/utils/slice.go:9.2,10.22 2 0
github.com/bacalhau-project/andaime/pkg/utils/slice.go:10.22,11.32 1 0
github.com/bacalhau-project/andaime/pkg/utils/slice.go:11.32,13.4 1 0
github.com/bacalhau-project/andaime/pkg/utils/slice.go:15.2,15.13 1 0
github.com/bacalhau-project/andaime/pkg/utils/strings.go:17.34,21.14 2 0
github.com/bacalhau-project/andaime/pkg/utils/strings.go:21.14,23.3 1 0
github.com/bacalhau-project/andaime/pkg/utils/strings.go:23.8,26.3 2 0
github.com/bacalhau-project/andaime/pkg/utils/strings.go:29.34,31.2 1 0
github.com/bacalhau-project/andaime/pkg/utils/strings.go:33.45,35.16 2 0
github.com/bacalhau-project/andaime/pkg/utils/strings.go:35.16,38.3 1 0
github.com/bacalhau-project/andaime/pkg/utils/strings.go:39.2,39.18 1 0
github.com/bacalhau-project/andaime/pkg/utils/strings.go:43.32,45.2 1 0
github.com/bacalhau-project/andaime/pkg/utils/strings.go:48.29,50.2 1 0
github.com/bacalhau-project/andaime/pkg/utils/strings.go:52.36,55.19 3 0
github.com/bacalhau-project/andaime/pkg/utils/strings.go:55.19,57.17 2 0
github.com/bacalhau-project/andaime/pkg/utils/strings.go:57.17,59.4 1 0
github.com/bacalhau-project/andaime/pkg/utils/strings.go:60.3,60.28 1 0
github.com/bacalhau-project/andaime/pkg/utils/strings.go:62.2,62.18 1 0
github.com/bacalhau-project/andaime/pkg/utils/strings.go:65.46,66.35 1 0
github.com/bacalhau-project/andaime/pkg/utils/strings.go:66.35,68.17 2 0
github.com/bacalhau-project/andaime/pkg/utils/strings.go:68.17,70.4 1 0
github.com/bacalhau-project/andaime/pkg/utils/strings.go:71.3,71.46 1 0
github.com/bacalhau-project/andaime/pkg/utils/strings.go:73.2,73.18 1 0
github.com/bacalhau-project/andaime/pkg/utils/strings.go:77.60,80.29 2 0
github.com/bacalhau-project/andaime/pkg/utils/strings.go:80.29,82.3 1 0
github.com/bacalhau-project/andaime/pkg/utils/strings.go:83.2,84.28 2 0
github.com/bacalhau-project/andaime/pkg/utils/strings.go:84.28,86.3 1 0
github.com/bacalhau-project/andaime/pkg/utils/strings.go:89.2,92.22 2 0
github.com/bacalhau-project/andaime/pkg/utils/strings.go:92.22,94.3 1 0
github.com/bacalhau-project/andaime/pkg/utils/strings.go:96.2,96.15 1 0
github.com/bacalhau-project/andaime/pkg/utils/strings.go:99.77,101.22 2 0
github.com/bacalhau-project/andaime/pkg/utils/strings.go:101.22,102.15 1 0
github.com/bacalhau-project/andaime/pkg/utils/strings.go:102.15,104.4 1 0
github.com/bacalhau-project/andaime/pkg/utils/strings.go:106.2,106.15 1 0
github.com/bacalhau-project/andaime/pkg/utils/strings.go:109.77,111.22 2 0
github.com/bacalhau-project/andaime/pkg/utils/strings.go:111.22,114.3 2 0
github.com/bacalhau-project/andaime/pkg/utils/strings.go:115.2,115.15 1 0
github.com/bacalhau-project/andaime/pkg/utils/strings.go:118.53,120.24 2 0
github.com/bacalhau-project/andaime/pkg/utils/strings.go:120.24,122.3 1 0
github.com/bacalhau-project/andaime/pkg/utils/strings.go:123.2,123.10 1 0
github.com/bacalhau-project/andaime/pkg/utils/utils.go:9.27,11.2 1 0
github.com/bacalhau-project/andaime/pkg/utils/utils.go:13.57,14.22 1 0
github.com/bacalhau-project/andaime/pkg/utils/utils.go:14.22,15.30 1 0
github.com/bacalhau-project/andaime/pkg/utils/utils.go:15.30,17.4 1 0
github.com/bacalhau-project/andaime/pkg/utils/utils.go:19.2,19.14 1 0
github.com/bacalhau-project/andaime/pkg/utils/utils.go:22.44,25.22 3 0
github.com/bacalhau-project/andaime/pkg/utils/utils.go:25.22,26.28 1 0
github.com/bacalhau-project/andaime/pkg/utils/utils.go:26.28,29.4 2 0
github.com/bacalhau-project/andaime/pkg/utils/utils.go:32.2,34.22 3 0
github.com/bacalhau-project/andaime/pkg/utils/utils.go:34.22,35.28 1 0
github.com/bacalhau-project/andaime/pkg/utils/utils.go:35.28,38.4 2 0
github.com/bacalhau-project/andaime/pkg/utils/utils.go:40.2,40.15 1 0
github.com/bacalhau-project/andaime/pkg/utils/utils.go:43.35,44.23 1 0
github.com/bacalhau-project/andaime/pkg/utils/utils.go:44.23,46.3 1 0
github.com/bacalhau-project/andaime/pkg/utils/utils.go:46.8,46.30 1 0
github.com/bacalhau-project/andaime/pkg/utils/utils.go:46.30,48.3 1 0
github.com/bacalhau-project/andaime/pkg/utils/utils.go:51.2,51.17 1 0
github.com/bacalhau-project/andaime/pkg/utils/utils.go:54.42,55.27 1 0
github.com/bacalhau-project/andaime/pkg/utils/utils.go:55.27,57.3 1 0
github.com/bacalhau-project/andaime/pkg/utils/utils.go:58.2,58.27 1 0
github.com/bacalhau-project/andaime/pkg/utils/utils.go:58.27,60.3 1 0
github.com/bacalhau-project/andaime/pkg/utils/utils.go:63.2,63.21 1 0
github.com/bacalhau-project/andaime/cmd/andaime.go:92.49,99.26 5 0
github.com/bacalhau-project/andaime/cmd/andaime.go:99.26,100.48 1 0
github.com/bacalhau-project/andaime/cmd/andaime.go:100.48,103.4 2 0
github.com/bacalhau-project/andaime/cmd/andaime.go:105.3,110.17 2 0
github.com/bacalhau-project/andaime/cmd/andaime.go:110.17,113.4 2 0
github.com/bacalhau-project/andaime/cmd/andaime.go:115.3,115.14 1 0
github.com/bacalhau-project/andaime/cmd/andaime.go:118.2,118.54 1 0
github.com/bacalhau-project/andaime/cmd/andaime.go:118.54,119.48 1 0
github.com/bacalhau-project/andaime/cmd/andaime.go:119.48,124.4 2 0
github.com/bacalhau-project/andaime/cmd/andaime.go:126.3,131.17 2 0
github.com/bacalhau-project/andaime/cmd/andaime.go:131.17,134.4 2 0
github.com/bacalhau-project/andaime/cmd/andaime.go:136.3,136.14 1 0
github.com/bacalhau-project/andaime/cmd/andaime.go:139.2,139.47 1 0
github.com/bacalhau-project/andaime/cmd/andaime.go:139.47,142.3 2 0
github.com/bacalhau-project/andaime/cmd/andaime.go:144.2,148.16 2 0
github.com/bacalhau-project/andaime/cmd/andaime.go:148.16,151.3 2 0
github.com/bacalhau-project/andaime/cmd/andaime.go:153.2,153.13 1 0
github.com/bacalhau-project/andaime/cmd/andaime.go:156.64,177.16 3 0
github.com/bacalhau-project/andaime/cmd/andaime.go:177.16,180.3 2 0
github.com/bacalhau-project/andaime/cmd/andaime.go:182.2,182.29 1 0
github.com/bacalhau-project/andaime/cmd/andaime.go:182.29,185.3 2 0
github.com/bacalhau-project/andaime/cmd/andaime.go:188.2,189.38 2 0
github.com/bacalhau-project/andaime/cmd/andaime.go:189.38,190.58 1 0
github.com/bacalhau-project/andaime/cmd/andaime.go:190.58,191.77 1 0
github.com/bacalhau-project/andaime/cmd/andaime.go:191.77,193.5 1 0
github.com/bacalhau-project/andaime/cmd/andaime.go:197.2,197.24 1 0
github.com/bacalhau-project/andaime/cmd/andaime.go:197.24,200.3 2 0
[...]
github.com/bacalhau-project/andaime/pkg/providers/azure/provider.go:315.62,317.3 1 1
github.com/bacalhau-project/andaime/pkg/providers/azure/provider.go:319.2,319.47 1 1
github.com/bacalhau-project/andaime/pkg/providers/azure/provider.go:322.95,328.16 4 0
github.com/bacalhau-project/andaime/pkg/providers/azure/provider.go:328.16,331.3 2 0
github.com/bacalhau-project/andaime/pkg/providers/azure/provider.go:333.2,333.13 1 0
github.com/bacalhau-project/andaime/pkg/providers/azure/provider.go:333.13,336.3 2 0
github.com/bacalhau-project/andaime/pkg/providers/azure/provider.go:338.2,340.16 3 0
github.com/bacalhau-project/andaime/pkg/providers/azure/provider.go:340.16,343.3 2 0
github.com/bacalhau-project/andaime/pkg/providers/azure/provider.go:345.2,346.12 2 0
github.com/bacalhau-project/andaime/pkg/providers/azure/provider.go:352.50,358.54 4 0
github.com/bacalhau-project/andaime/pkg/providers/azure/provider.go:358.54,361.3 2 0
github.com/bacalhau-project/andaime/pkg/providers/azure/provider.go:363.2,371.16 6 0
github.com/bacalhau-project/andaime/pkg/providers/azure/provider.go:371.16,375.3 3 0
github.com/bacalhau-project/andaime/pkg/providers/azure/provider.go:377.2,377.22 1 0
github.com/bacalhau-project/andaime/pkg/providers/azure/provider.go:377.22,379.3 1 0
github.com/bacalhau-project/andaime/pkg/providers/azure/provider.go:382.2,385.23 3 0
github.com/bacalhau-project/andaime/pkg/providers/azure/provider.go:388.67,395.12 5 0
github.com/bacalhau-project/andaime/pkg/providers/azure/provider.go:395.12,398.3 2 0
github.com/bacalhau-project/andaime/pkg/providers/azure/provider.go:400.2,400.15 1 0
github.com/bacalhau-project/andaime/pkg/providers/azure/provider.go:400.15,401.31 1 0
github.com/bacalhau-project/andaime/pkg/providers/azure/provider.go:401.31,405.4 3 0
github.com/bacalhau-project/andaime/pkg/providers/azure/provider.go:406.3,406.59 1 0
github.com/bacalhau-project/andaime/pkg/providers/azure/provider.go:409.2,410.6 2 0
github.com/bacalhau-project/andaime/pkg/providers/azure/provider.go:410.6,411.10 1 0
github.com/bacalhau-project/andaime/pkg/providers/azure/provider.go:412.27,414.18 2 0
github.com/bacalhau-project/andaime/pkg/providers/azure/provider.go:414.18,417.5 2 0
github.com/bacalhau-project/andaime/pkg/providers/azure/provider.go:418.4,423.18 5 0
github.com/bacalhau-project/andaime/pkg/providers/azure/provider.go:423.18,428.5 4 0
github.com/bacalhau-project/andaime/pkg/providers/azure/provider.go:430.4,435.39 3 0
github.com/bacalhau-project/andaime/pkg/providers/azure/provider.go:435.39,445.41 4 0
github.com/bacalhau-project/andaime/pkg/providers/azure/provider.go:445.41,447.6 1 0
github.com/bacalhau-project/andaime/pkg/providers/azure/provider.go:450.4,457.58 4 0
github.com/bacalhau-project/andaime/pkg/providers/azure/provider.go:457.58,462.5 2 0
github.com/bacalhau-project/andaime/pkg/providers/azure/provider.go:464.15,468.10 4 0
github.com/bacalhau-project/andaime/pkg/providers/azure/provider.go:473.47,476.25 3 0
github.com/bacalhau-project/andaime/pkg/providers/azure/provider.go:476.25,480.3 3 0
github.com/bacalhau-project/andaime/pkg/providers/azure/provider.go:482.2,491.48 3 0
github.com/bacalhau-project/andaime/pkg/providers/azure/provider.go:491.48,521.43 5 0
github.com/bacalhau-project/andaime/pkg/providers/azure/provider.go:521.43,522.70 1 0
github.com/bacalhau-project/andaime/pkg/providers/azure/provider.go:522.70,532.5 1 0
github.com/bacalhau-project/andaime/pkg/providers/azure/provider.go:533.9,535.4 1 0
github.com/bacalhau-project/andaime/pkg/providers/azure/provider.go:539.38,546.16 3 0
github.com/bacalhau-project/andaime/pkg/providers/azure/provider.go:546.16,549.3 2 0
github.com/bacalhau-project/andaime/pkg/providers/azure/provider.go:550.2,554.61 4 0
github.com/bacalhau-project/andaime/pkg/providers/azure/provider.go:554.61,556.3 1 0
github.com/bacalhau-project/andaime/pkg/providers/azure/provider.go:559.67,565.48 5 0
github.com/bacalhau-project/andaime/pkg/providers/azure/provider.go:565.48,566.26 1 0
github.com/bacalhau-project/andaime/pkg/providers/azure/provider.go:566.26,568.4 1 0
github.com/bacalhau-project/andaime/pkg/providers/azure/provider.go:572.2,572.72 1 0
github.com/bacalhau-project/andaime/pkg/providers/azure/provider.go:572.72,574.3 1 0
github.com/bacalhau-project/andaime/pkg/providers/azure/provider.go:577.52,579.48 2 0
github.com/bacalhau-project/andaime/pkg/providers/azure/provider.go:579.48,580.26 1 0
github.com/bacalhau-project/andaime/pkg/providers/azure/provider.go:580.26,582.4 1 0
github.com/bacalhau-project/andaime/pkg/providers/azure/provider.go:584.2,584.13 1 0
github.com/bacalhau-project/andaime/pkg/providers/azure/provider.go:591.19,593.2 1 0
github.com/bacalhau-project/andaime/pkg/providers/azure/provider.go:595.70,597.2 1 1
github.com/bacalhau-project/andaime/pkg/providers/azure/provider.go:599.78,601.2 1 0
github.com/bacalhau-project/andaime/pkg/providers/azure/resource_group.go:19.64,23.18 2 0
github.com/bacalhau-project/andaime/pkg/providers/azure/resource_group.go:23.18,25.3 1 0
github.com/bacalhau-project/andaime/pkg/providers/azure/resource_group.go:27.2,27.46 1 0
github.com/bacalhau-project/andaime/pkg/providers/azure/resource_group.go:27.46,29.3 1 0
github.com/bacalhau-project/andaime/pkg/providers/azure/resource_group.go:31.2,31.48 1 0
github.com/bacalhau-project/andaime/pkg/providers/azure/resource_group.go:31.48,33.3 1 0
github.com/bacalhau-project/andaime/pkg/providers/azure/resource_group.go:36.2,37.16 2 0
github.com/bacalhau-project/andaime/pkg/providers/azure/resource_group.go:37.16,39.3 1 0
github.com/bacalhau-project/andaime/pkg/providers/azure/resource_group.go:42.2,52.16 3 0
github.com/bacalhau-project/andaime/pkg/providers/azure/resource_group.go:52.16,54.3 1 0
github.com/bacalhau-project/andaime/pkg/providers/azure/resource_group.go:56.2,57.35 2 0
github.com/bacalhau-project/andaime/pkg/providers/azure/resource_group.go:62.54,68.16 5 0
github.com/bacalhau-project/andaime/pkg/providers/azure/resource_group.go:68.16,70.3 1 0
github.com/bacalhau-project/andaime/pkg/providers/azure/resource_group.go:71.2,72.17 2 0
github.com/bacalhau-project/andaime/pkg/providers/azure/types.go:12.69,13.32 1 0
github.com/bacalhau-project/andaime/pkg/providers/azure/types.go:14.45,15.20 1 0
github.com/bacalhau-project/andaime/pkg/providers/azure/types.go:18.2,18.27 1 0
github.com/bacalhau-project/andaime/pkg/providers/azure/utils.go:9.66,12.31 3 0
github.com/bacalhau-project/andaime/pkg/providers/azure/utils.go:12.31,14.3 1 0
github.com/bacalhau-project/andaime/pkg/providers/azure/utils.go:15.2,15.18 1 0
github.com/bacalhau-project/andaime/pkg/utils/channels.go:30.63,37.2 1 0
github.com/bacalhau-project/andaime/pkg/utils/channels.go:39.32,42.16 3 0
github.com/bacalhau-project/andaime/pkg/utils/channels.go:42.16,43.16 1 0
github.com/bacalhau-project/andaime/pkg/utils/channels.go:43.16,44.32 1 0
github.com/bacalhau-project/andaime/pkg/utils/channels.go:44.32,47.5 1 0
github.com/bacalhau-project/andaime/pkg/utils/channels.go:49.3,50.19 2 0
github.com/bacalhau-project/andaime/pkg/utils/channels.go:54.40,58.2 3 0
github.com/bacalhau-project/andaime/pkg/utils/channels.go:60.36,64.2 3 0
github.com/bacalhau-project/andaime/pkg/utils/channels.go:66.41,68.2 1 0
github.com/bacalhau-project/andaime/pkg/utils/channels.go:70.49,72.2 1 0
github.com/bacalhau-project/andaime/pkg/utils/channels.go:75.96,80.2 4 0
github.com/bacalhau-project/andaime/pkg/utils/channels.go:82.38,85.46 3 0
github.com/bacalhau-project/andaime/pkg/utils/channels.go:85.46,87.3 1 0
github.com/bacalhau-project/andaime/pkg/utils/channels.go:90.25,95.36 5 0
github.com/bacalhau-project/andaime/pkg/utils/channels.go:95.36,96.16 1 0
github.com/bacalhau-project/andaime/pkg/utils/channels.go:96.16,97.22 1 0
github.com/bacalhau-project/andaime/pkg/utils/channels.go:97.22,100.5 2 0
github.com/bacalhau-project/andaime/pkg/utils/channels.go:100.10,102.5 1 0
github.com/bacalhau-project/andaime/pkg/utils/channels.go:103.9,105.4 1 0
github.com/bacalhau-project/andaime/pkg/utils/channels.go:106.3,106.16 1 0
github.com/bacalhau-project/andaime/pkg/utils/channels.go:106.16,108.4 1 0
github.com/bacalhau-project/andaime/pkg/utils/channels.go:110.2,110.33 1 0
github.com/bacalhau-project/andaime/pkg/utils/channels.go:114.68,117.2 1 0
github.com/bacalhau-project/andaime/pkg/utils/channels.go:119.67,122.2 1 0
github.com/bacalhau-project/andaime/pkg/utils/channels.go:124.63,127.2 1 0
github.com/bacalhau-project/andaime/pkg/utils/channels.go:129.65,132.2 1 0
github.com/bacalhau-project/andaime/pkg/utils/channels.go:134.76,137.2 1 0
github.com/bacalhau-project/andaime/pkg/utils/channels.go:139.61,142.2 1 0
github.com/bacalhau-project/andaime/pkg/utils/channels.go:144.78,147.2 1 0
github.com/bacalhau-project/andaime/pkg/utils/channels.go:150.35,159.45 6 0
github.com/bacalhau-project/andaime/pkg/utils/channels.go:159.45,163.35 3 0
github.com/bacalhau-project/andaime/pkg/utils/channels.go:163.35,164.30 1 0
github.com/bacalhau-project/andaime/pkg/utils/channels.go:164.30,167.5 2 0
github.com/bacalhau-project/andaime/pkg/utils/channels.go:168.4,170.10 3 0
github.com/bacalhau-project/andaime/pkg/utils/channels.go:175.2,181.3 2 0
github.com/bacalhau-project/andaime/pkg/utils/channels.go:184.42,187.45 3 0
github.com/bacalhau-project/andaime/pkg/utils/channels.go:187.45,188.38 1 0
github.com/bacalhau-project/andaime/pkg/utils/channels.go:188.38,190.4 1 0
github.com/bacalhau-project/andaime/pkg/utils/channels.go:192.2,192.13 1 0
github.com/bacalhau-project/andaime/pkg/utils/channels.go:195.26,199.36 4 0
github.com/bacalhau-project/andaime/pkg/utils/channels.go:199.36,200.34 1 0
github.com/bacalhau-project/andaime/pkg/utils/channels.go:200.34,202.4 1 0
github.com/bacalhau-project/andaime/pkg/utils/channels.go:206.34,209.36 3 0
github.com/bacalhau-project/andaime/pkg/utils/channels.go:209.36,210.21 1 0
github.com/bacalhau-project/andaime/pkg/utils/channels.go:210.21,212.4 1 0
github.com/bacalhau-project/andaime/pkg/utils/channels.go:214.2,214.13 1 0
github.com/bacalhau-project/andaime/pkg/utils/circular_buffer.go:12.50,16.2 1 0
github.com/bacalhau-project/andaime/pkg/utils/circular_buffer.go:18.44,24.29 5 0
github.com/bacalhau-project/andaime/pkg/utils/circular_buffer.go:24.29,26.3 1 0
github.com/bacalhau-project/andaime/pkg/utils/circular_buffer.go:29.47,33.14 3 0
github.com/bacalhau-project/andaime/pkg/utils/circular_buffer.go:33.14,35.3 1 0
github.com/bacalhau-project/andaime/pkg/utils/circular_buffer.go:37.2,40.15 4 0
github.com/bacalhau-project/andaime/pkg/utils/config.go:30.44,35.16 4 0
github.com/bacalhau-project/andaime/pkg/utils/config.go:35.16,37.3 1 0
github.com/bacalhau-project/andaime/pkg/utils/config.go:39.2,41.49 3 0
github.com/bacalhau-project/andaime/pkg/utils/config.go:41.49,43.3 1 0
github.com/bacalhau-project/andaime/pkg/utils/config.go:45.2,52.44 4 0
github.com/bacalhau-project/andaime/pkg/utils/config.go:52.44,53.61 1 0
github.com/bacalhau-project/andaime/pkg/utils/config.go:53.61,55.4 1 0
github.com/bacalhau-project/andaime/pkg/utils/config.go:55.9,58.4 1 0
github.com/bacalhau-project/andaime/pkg/utils/config.go:62.2,66.52 3 0
github.com/bacalhau-project/andaime/pkg/utils/config.go:66.52,68.34 2 0
github.com/bacalhau-project/andaime/pkg/utils/config.go:68.34,70.4 1 0
github.com/bacalhau-project/andaime/pkg/utils/config.go:71.3,71.58 1 0
github.com/bacalhau-project/andaime/pkg/utils/config.go:71.58,73.4 1 0
github.com/bacalhau-project/andaime/pkg/utils/config.go:73.9,74.9 1 0
github.com/bacalhau-project/andaime/pkg/utils/config.go:78.2,79.16 2 0
github.com/bacalhau-project/andaime/pkg/utils/config.go:79.16,81.3 1 0
github.com/bacalhau-project/andaime/pkg/utils/config.go:83.2,83.75 1 0
github.com/bacalhau-project/andaime/pkg/utils/config.go:83.75,85.3 1 0
github.com/bacalhau-project/andaime/pkg/utils/config.go:87.2,88.45 2 0
github.com/bacalhau-project/andaime/pkg/utils/config.go:88.45,90.3 1 0
github.com/bacalhau-project/andaime/pkg/utils/config.go:92.2,92.12 1 0
github.com/bacalhau-project/andaime/pkg/utils/config.go:95.72,98.17 2 1
github.com/bacalhau-project/andaime/pkg/utils/config.go:98.17,100.3 1 1
github.com/bacalhau-project/andaime/pkg/utils/config.go:103.2,108.16 4 1
github.com/bacalhau-project/andaime/pkg/utils/config.go:108.16,110.3 1 0
github.com/bacalhau-project/andaime/pkg/utils/config.go:112.2,112.20 1 1
github.com/bacalhau-project/andaime/pkg/utils/config.go:115.36,120.2 2 0
github.com/bacalhau-project/andaime/pkg/utils/debug.go:11.23,28.2 10 0
github.com/bacalhau-project/andaime/pkg/utils/objects.go:10.94,11.17 1 0
github.com/bacalhau-project/andaime/pkg/utils/objects.go:11.17,13.3 1 0
github.com/bacalhau-project/andaime/pkg/utils/objects.go:14.2,14.28 1 0
github.com/bacalhau-project/andaime/pkg/utils/objects.go:14.28,16.3 1 0
github.com/bacalhau-project/andaime/pkg/utils/objects.go:17.2,17.32 1 0
github.com/bacalhau-project/andaime/pkg/utils/objects.go:17.32,19.3 1 0
github.com/bacalhau-project/andaime/pkg/utils/objects.go:20.2,20.46 1 0
github.com/bacalhau-project/andaime/pkg/utils/objects.go:20.46,22.3 1 0
github.com/bacalhau-project/andaime/pkg/utils/objects.go:23.2,23.30 1 0
github.com/bacalhau-project/andaime/pkg/utils/objects.go:23.30,25.3 1 0
github.com/bacalhau-project/andaime/pkg/utils/objects.go:26.2,26.31 1 0
github.com/bacalhau-project/andaime/pkg/utils/objects.go:26.31,28.3 1 0
github.com/bacalhau-project/andaime/pkg/utils/objects.go:29.2,29.36 1 0
github.com/bacalhau-project/andaime/pkg/utils/objects.go:29.36,31.3 1 0
github.com/bacalhau-project/andaime/pkg/utils/objects.go:32.2,32.13 1 0
github.com/bacalhau-project/andaime/pkg/utils/objects.go:35.94,36.19 1 0
github.com/bacalhau-project/andaime/pkg/utils/objects.go:36.19,38.3 1 0
github.com/bacalhau-project/andaime/pkg/utils/objects.go:39.2,39.37 1 0
github.com/bacalhau-project/andaime/pkg/utils/objects.go:39.37,41.3 1 0
github.com/bacalhau-project/andaime/pkg/utils/objects.go:42.2,42.41 1 0
github.com/bacalhau-project/andaime/pkg/utils/objects.go:42.41,44.3 1 0
github.com/bacalhau-project/andaime/pkg/utils/objects.go:45.2,45.55 1 0
github.com/bacalhau-project/andaime/pkg/utils/objects.go:45.55,47.3 1 0
github.com/bacalhau-project/andaime/pkg/utils/objects.go:48.2,48.39 1 0
github.com/bacalhau-project/andaime/pkg/utils/objects.go:48.39,50.3 1 0
github.com/bacalhau-project/andaime/pkg/utils/objects.go:51.2,51.40 1 0
github.com/bacalhau-project/andaime/pkg/utils/objects.go:51.40,53.3 1 0
github.com/bacalhau-project/andaime/pkg/utils/objects.go:54.2,54.45 1 0
github.com/bacalhau-project/andaime/pkg/utils/objects.go:54.45,56.3 1 0
github.com/bacalhau-project/andaime/pkg/utils/objects.go:57.2,57.15 1 0
github.com/bacalhau-project/andaime/pkg/utils/objects.go:60.67,62.16 2 0
github.com/bacalhau-project/andaime/pkg/utils/objects.go:62.16,64.3 1 0
github.com/bacalhau-project/andaime/pkg/utils/objects.go:66.2,68.16 3 0
github.com/bacalhau-project/andaime/pkg/utils/objects.go:68.16,70.3 1 0
github.com/bacalhau-project/andaime/pkg/utils/objects.go:72.2,72.20 1 0
github.com/bacalhau-project/andaime/pkg/utils/objects.go:75.59,76.21 1 0
github.com/bacalhau-project/andaime/pkg/utils/objects.go:76.21,77.24 1 0
github.com/bacalhau-project/andaime/pkg/utils/objects.go:77.24,79.4 1 0
github.com/bacalhau-project/andaime/pkg/utils/objects.go:80.3,80.22 1 0
github.com/bacalhau-project/andaime/pkg/utils/objects.go:82.2,82.19 1 0
github.com/bacalhau-project/andaime/pkg/utils/slice.go:4.41,6.22 2 0
github.com/bacalhau-project/andaime/pkg/utils/slice.go:6.22,8.3 1 0
github.com/bacalhau-project/andaime/pkg/utils/slice.go:9.2,10.22 2 0
github.com/bacalhau-project/andaime/pkg/utils/slice.go:10.22,11.32 1 0
github.com/bacalhau-project/andaime/pkg/utils/slice.go:11.32,13.4 1 0
github.com/bacalhau-project/andaime/pkg/utils/slice.go:15.2,15.13 1 0
github.com/bacalhau-project/andaime/pkg/utils/strings.go:17.34,21.14 2 0
github.com/bacalhau-project/andaime/pkg/utils/strings.go:21.14,23.3 1 0
github.com/bacalhau-project/andaime/pkg/utils/strings.go:23.8,26.3 2 0
github.com/bacalhau-project/andaime/pkg/utils/strings.go:29.34,31.2 1 0
github.com/bacalhau-project/andaime/pkg/utils/strings.go:33.45,35.16 2 0
github.com/bacalhau-project/andaime/pkg/utils/strings.go:35.16,38.3 1 0
github.com/bacalhau-project/andaime/pkg/utils/strings.go:39.2,39.18 1 0
github.com/bacalhau-project/andaime/pkg/utils/strings.go:43.32,45.2 1 1
github.com/bacalhau-project/andaime/pkg/utils/strings.go:48.29,50.2 1 0
github.com/bacalhau-project/andaime/pkg/utils/strings.go:52.36,55.19 3 1
github.com/bacalhau-project/andaime/pkg/utils/strings.go:55.19,57.17 2 1
github.com/bacalhau-project/andaime/pkg/utils/strings.go:57.17,59.4 1 0
github.com/bacalhau-project/andaime/pkg/utils/strings.go:60.3,60.28 1 1
github.com/bacalhau-project/andaime/pkg/utils/strings.go:62.2,62.18 1 1
github.com/bacalhau-project/andaime/pkg/utils/strings.go:65.46,66.35 1 0
github.com/bacalhau-project/andaime/pkg/utils/strings.go:66.35,68.17 2 0
github.com/bacalhau-project/andaime/pkg/utils/strings.go:68.17,70.4 1 0
github.com/bacalhau-project/andaime/pkg/utils/strings.go:71.3,71.46 1 0
github.com/bacalhau-project/andaime/pkg/utils/strings.go:73.2,73.18 1 0
github.com/bacalhau-project/andaime/pkg/utils/strings.go:77.60,80.29 2 0
github.com/bacalhau-project/andaime/pkg/utils/strings.go:80.29,82.3 1 0
github.com/bacalhau-project/andaime/pkg/utils/strings.go:83.2,84.28 2 0
github.com/bacalhau-project/andaime/pkg/utils/strings.go:84.28,86.3 1 0
github.com/bacalhau-project/andaime/pkg/utils/strings.go:89.2,92.22 2 0
github.com/bacalhau-project/andaime/pkg/utils/strings.go:92.22,94.3 1 0
github.com/bacalhau-project/andaime/pkg/utils/strings.go:96.2,96.15 1 0
github.com/bacalhau-project/andaime/pkg/utils/strings.go:99.77,101.22 2 0
github.com/bacalhau-project/andaime/pkg/utils/strings.go:101.22,102.15 1 0
github.com/bacalhau-project/andaime/pkg/utils/strings.go:102.15,104.4 1 0
github.com/bacalhau-project/andaime/pkg/utils/strings.go:106.2,106.15 1 0
github.com/bacalhau-project/andaime/pkg/utils/strings.go:109.77,111.22 2 0
github.com/bacalhau-project/andaime/pkg/utils/strings.go:111.22,114.3 2 0
github.com/bacalhau-project/andaime/pkg/utils/strings.go:115.2,115.15 1 0
github.com/bacalhau-project/andaime/pkg/utils/strings.go:118.53,120.24 2 0
github.com/bacalhau-project/andaime/pkg/utils/strings.go:120.24,122.3 1 0
github.com/bacalhau-project/andaime/pkg/utils/strings.go:123.2,123.10 1 0
github.com/bacalhau-project/andaime/pkg/utils/utils.go:9.27,11.2 1 0
github.com/bacalhau-project/andaime/pkg/utils/utils.go:13.57,14.22 1 1
github.com/bacalhau-project/andaime/pkg/utils/utils.go:14.22,15.30 1 1
github.com/bacalhau-project/andaime/pkg/utils/utils.go:15.30,17.4 1 0
github.com/bacalhau-project/andaime/pkg/utils/utils.go:19.2,19.14 1 1
github.com/bacalhau-project/andaime/pkg/utils/utils.go:22.44,25.22 3 1
github.com/bacalhau-project/andaime/pkg/utils/utils.go:25.22,26.28 1 1
github.com/bacalhau-project/andaime/pkg/utils/utils.go:26.28,29.4 2 1
github.com/bacalhau-project/andaime/pkg/utils/utils.go:32.2,34.22 3 1
github.com/bacalhau-project/andaime/pkg/utils/utils.go:34.22,35.28 1 1
github.com/bacalhau-project/andaime/pkg/utils/utils.go:35.28,38.4 2 1
github.com/bacalhau-project/andaime/pkg/utils/utils.go:40.2,40.15 1 1
github.com/bacalhau-project/andaime/pkg/utils/utils.go:43.35,44.23 1 0
github.com/bacalhau-project/andaime/pkg/utils/utils.go:44.23,46.3 1 0
github.com/bacalhau-project/andaime/pkg/utils/utils.go:46.8,46.30 1 0
github.com/bacalhau-project/andaime/pkg/utils/utils.go:46.30,48.3 1 0
github.com/bacalhau-project/andaime/pkg/utils/utils.go:51.2,51.17 1 0
github.com/bacalhau-project/andaime/pkg/utils/utils.go:54.42,55.27 1 0
github.com/bacalhau-project/andaime/pkg/utils/utils.go:55.27,57.3 1 0
github.com/bacalhau-project/andaime/pkg/utils/utils.go:58.2,58.27 1 0
github.com/bacalhau-project/andaime/pkg/utils/utils.go:58.27,60.3 1 0
github.com/bacalhau-project/andaime/pkg/utils/utils.go:63.2,63.21 1 0
